L 05/29/2020 - 00:00:00: SourceMod error session started
L 05/29/2020 - 00:00:00: Info (map "mg_damons_canyon") (file "C:\servers\exofenscourse\csgo\addons\sourcemod\logs\errors_20200529.log")
L 05/29/2020 - 00:00:00: [SM] Exception reported: Language phrase "Vote Warning" not found (arg 3)
L 05/29/2020 - 00:00:00: [SM] Blaming: mapchooser_extended.smx
L 05/29/2020 - 00:00:00: [SM] Call stack trace:
L 05/29/2020 - 00:00:00: [SM]   [0] VFormat
L 05/29/2020 - 00:00:00: [SM]   [1] Line 399, C:\Users\willi\Desktop\APITimer-master\addons\sourcemod\scripting\include\halflife.inc::PrintHintTextToAll
L 05/29/2020 - 00:00:00: [SM]   [2] Line 673, C:\Users\willi\Desktop\APITimer-master\addons\sourcemod\scripting\mapchooser_extended.sp::Timer_StartMapVote
L 05/29/2020 - 00:00:01: [SM] Exception reported: Language phrase "Vote Warning" not found (arg 3)
L 05/29/2020 - 00:00:01: [SM] Blaming: mapchooser_extended.smx
L 05/29/2020 - 00:00:01: [SM] Call stack trace:
L 05/29/2020 - 00:00:01: [SM]   [0] VFormat
L 05/29/2020 - 00:00:01: [SM]   [1] Line 399, C:\Users\willi\Desktop\APITimer-master\addons\sourcemod\scripting\include\halflife.inc::PrintHintTextToAll
L 05/29/2020 - 00:00:01: [SM]   [2] Line 673, C:\Users\willi\Desktop\APITimer-master\addons\sourcemod\scripting\mapchooser_extended.sp::Timer_StartMapVote
L 05/29/2020 - 00:00:02: [SM] Exception reported: Language phrase "Vote Warning" not found (arg 3)
L 05/29/2020 - 00:00:02: [SM] Blaming: mapchooser_extended.smx
L 05/29/2020 - 00:00:02: [SM] Call stack trace:
L 05/29/2020 - 00:00:02: [SM]   [0] VFormat
L 05/29/2020 - 00:00:02: [SM]   [1] Line 399, C:\Users\willi\Desktop\APITimer-master\addons\sourcemod\scripting\include\halflife.inc::PrintHintTextToAll
L 05/29/2020 - 00:00:02: [SM]   [2] Line 673, C:\Users\willi\Desktop\APITimer-master\addons\sourcemod\scripting\mapchooser_extended.sp::Timer_StartMapVote
L 05/29/2020 - 00:00:03: [SM] Exception reported: Language phrase "Vote Warning" not found (arg 3)
L 05/29/2020 - 00:00:03: [SM] Blaming: mapchooser_extended.smx
L 05/29/2020 - 00:00:03: [SM] Call stack trace:
L 05/29/2020 - 00:00:03: [SM]   [0] VFormat
L 05/29/2020 - 00:00:03: [SM]   [1] Line 399, C:\Users\willi\Desktop\APITimer-master\addons\sourcemod\scripting\include\halflife.inc::PrintHintTextToAll
L 05/29/2020 - 00:00:03: [SM]   [2] Line 673, C:\Users\willi\Desktop\APITimer-master\addons\sourcemod\scripting\mapchooser_extended.sp::Timer_StartMapVote
L 05/29/2020 - 00:00:04: [SM] Exception reported: Language phrase "Vote Warning" not found (arg 3)
L 05/29/2020 - 00:00:04: [SM] Blaming: mapchooser_extended.smx
L 05/29/2020 - 00:00:04: [SM] Call stack trace:
L 05/29/2020 - 00:00:04: [SM]   [0] VFormat
L 05/29/2020 - 00:00:04: [SM]   [1] Line 399, C:\Users\willi\Desktop\APITimer-master\addons\sourcemod\scripting\include\halflife.inc::PrintHintTextToAll
L 05/29/2020 - 00:00:04: [SM]   [2] Line 673, C:\Users\willi\Desktop\APITimer-master\addons\sourcemod\scripting\mapchooser_extended.sp::Timer_StartMapVote
L 05/29/2020 - 00:00:05: [SM] Exception reported: Language phrase "Vote Warning" not found (arg 3)
L 05/29/2020 - 00:00:05: [SM] Blaming: mapchooser_extended.smx
L 05/29/2020 - 00:00:05: [SM] Call stack trace:
L 05/29/2020 - 00:00:05: [SM]   [0] VFormat
L 05/29/2020 - 00:00:05: [SM]   [1] Line 399, C:\Users\willi\Desktop\APITimer-master\addons\sourcemod\scripting\include\halflife.inc::PrintHintTextToAll
L 05/29/2020 - 00:00:05: [SM]   [2] Line 673, C:\Users\willi\Desktop\APITimer-master\addons\sourcemod\scripting\mapchooser_extended.sp::Timer_StartMapVote
L 05/29/2020 - 00:00:06: [SM] Exception reported: Language phrase "Vote Warning" not found (arg 3)
L 05/29/2020 - 00:00:06: [SM] Blaming: mapchooser_extended.smx
L 05/29/2020 - 00:00:06: [SM] Call stack trace:
L 05/29/2020 - 00:00:06: [SM]   [0] VFormat
L 05/29/2020 - 00:00:06: [SM]   [1] Line 399, C:\Users\willi\Desktop\APITimer-master\addons\sourcemod\scripting\include\halflife.inc::PrintHintTextToAll
L 05/29/2020 - 00:00:06: [SM]   [2] Line 673, C:\Users\willi\Desktop\APITimer-master\addons\sourcemod\scripting\mapchooser_extended.sp::Timer_StartMapVote
L 05/29/2020 - 00:15:27: SourceMod error session started
L 05/29/2020 - 00:15:27: Info (map "mg_damons_canyon") (file "C:\servers\exofenscourse\csgo\addons\sourcemod\logs\errors_20200529.log")
L 05/29/2020 - 00:15:27: [SM] Exception reported: Failed to create native "IsPlayerInTP", name is probably already in use
L 05/29/2020 - 00:15:27: [SM] Blaming: thirdperson.smx
L 05/29/2020 - 00:15:27: [SM] Call stack trace:
L 05/29/2020 - 00:15:27: [SM]   [0] CreateNative
L 05/29/2020 - 00:15:27: [SM]   [1] Line 39, thirdperson.sp::AskPluginLoad2
L 05/29/2020 - 00:15:27: [SM] Failed to load plugin "thirdperson.smx": unexpected error 23 in AskPluginLoad callback.
L 05/29/2020 - 00:15:27: [SM] Exception reported: Failed to create native "Timer_GetClientLevel", name is probably already in use
L 05/29/2020 - 00:15:27: [SM] Blaming: timer-mapzones_surf.smx
L 05/29/2020 - 00:15:27: [SM] Call stack trace:
L 05/29/2020 - 00:15:27: [SM]   [0] CreateNative
L 05/29/2020 - 00:15:27: [SM]   [1] Line 119, C:\Users\willi\Desktop\APITimer-master\addons\sourcemod\scripting\timer-mapzones_surf.sp::AskPluginLoad2
L 05/29/2020 - 00:15:27: [SM] Failed to load plugin "timer-mapzones_surf.smx": unexpected error 23 in AskPluginLoad callback.
L 05/29/2020 - 00:15:27: [SM] Unable to load plugin "AFKManager.smx": Could not find required plugin "client_times"
L 05/29/2020 - 00:15:27: [SM] Unable to load plugin "HidePlayers.smx": Could not find required plugin "client_cookies"
L 05/29/2020 - 00:15:27: [SM] Fatal error encountered parsing translation file "mapchooser_extended.phrases.txt"
L 05/29/2020 - 00:15:27: [SM] Error (line 0, column 0): Stream failed to open
L 05/29/2020 - 00:15:27: [SM] Unable to load plugin "MapVoting.smx": Could not find required plugin "database_core"
L 05/29/2020 - 00:15:27: [store.smx] Gifts! isn't installed or failed to load. Gifts support will be disabled. Please install Gifts. (http://forums.alliedmods.net/showthread.php?t=175185)
L 05/29/2020 - 00:15:27: [SM] Fatal error encountered parsing translation file "cpmod.phrases.txt"
L 05/29/2020 - 00:15:27: [SM] Error (line 0, column 0): Stream failed to open
L 05/29/2020 - 00:15:27: [timer-cpmod.smx] [cP Mod] Unable to connect to database (Configuration "cpmod" not found)
L 05/29/2020 - 00:22:58: SourceMod error session started
L 05/29/2020 - 00:22:58: Info (map "mg_damons_canyon") (file "C:\servers\exofenscourse\csgo\addons\sourcemod\logs\errors_20200529.log")
L 05/29/2020 - 00:22:58: [SM] Exception reported: Failed to create native "IsPlayerInTP", name is probably already in use
L 05/29/2020 - 00:22:58: [SM] Blaming: thirdperson.smx
L 05/29/2020 - 00:22:58: [SM] Call stack trace:
L 05/29/2020 - 00:22:58: [SM]   [0] CreateNative
L 05/29/2020 - 00:22:58: [SM]   [1] Line 39, thirdperson.sp::AskPluginLoad2
L 05/29/2020 - 00:22:58: [SM] Failed to load plugin "thirdperson.smx": unexpected error 23 in AskPluginLoad callback.
L 05/29/2020 - 00:22:58: [SM] Exception reported: Failed to create native "Timer_GetClientLevel", name is probably already in use
L 05/29/2020 - 00:22:58: [SM] Blaming: timer-mapzones_surf.smx
L 05/29/2020 - 00:22:58: [SM] Call stack trace:
L 05/29/2020 - 00:22:58: [SM]   [0] CreateNative
L 05/29/2020 - 00:22:58: [SM]   [1] Line 119, C:\Users\willi\Desktop\APITimer-master\addons\sourcemod\scripting\timer-mapzones_surf.sp::AskPluginLoad2
L 05/29/2020 - 00:22:58: [SM] Failed to load plugin "timer-mapzones_surf.smx": unexpected error 23 in AskPluginLoad callback.
L 05/29/2020 - 00:22:58: [SM] Unable to load plugin "AFKManager.smx": Could not find required plugin "client_times"
L 05/29/2020 - 00:22:58: [SM] Unable to load plugin "HidePlayers.smx": Could not find required plugin "client_cookies"
L 05/29/2020 - 00:22:58: [SM] Fatal error encountered parsing translation file "mapchooser_extended.phrases.txt"
L 05/29/2020 - 00:22:58: [SM] Error (line 0, column 0): Stream failed to open
L 05/29/2020 - 00:22:58: [SM] Unable to load plugin "MapVoting.smx": Could not find required plugin "database_core"
L 05/29/2020 - 00:22:58: [store.smx] Gifts! isn't installed or failed to load. Gifts support will be disabled. Please install Gifts. (http://forums.alliedmods.net/showthread.php?t=175185)
L 05/29/2020 - 00:22:58: [SM] Fatal error encountered parsing translation file "cpmod.phrases.txt"
L 05/29/2020 - 00:22:58: [SM] Error (line 0, column 0): Stream failed to open
L 05/29/2020 - 00:22:58: [timer-cpmod.smx] [cP Mod] Unable to connect to database (Configuration "cpmod" not found)
L 05/29/2020 - 00:23:12: [SM] Exception reported: Invalid database Handle 0 (error: 4)
L 05/29/2020 - 00:23:12: [SM] Blaming: timer-cpmod.smx
L 05/29/2020 - 00:23:12: [SM] Call stack trace:
L 05/29/2020 - 00:23:12: [SM]   [0] SQL_EscapeString
L 05/29/2020 - 00:23:12: [SM]   [1] Line 642, D:\Sourcetree\timer\addons\sourcemod\scripting\include\dbi.inc::SQL_QuoteString
L 05/29/2020 - 00:23:12: [SM]   [2] Line 185, timer_cpmod/sql.sp::db_updatePlayerCheckpoint
L 05/29/2020 - 00:23:12: [SM]   [3] Line 404, timer-cpmod.sp::OnClientDisconnect
L 05/29/2020 - 00:23:12: [SM] Exception reported: Invalid database Handle 0 (error: 4)
L 05/29/2020 - 00:23:12: [SM] Blaming: timer-cpmod.smx
L 05/29/2020 - 00:23:12: [SM] Call stack trace:
L 05/29/2020 - 00:23:12: [SM]   [0] SQL_EscapeString
L 05/29/2020 - 00:23:12: [SM]   [1] Line 642, D:\Sourcetree\timer\addons\sourcemod\scripting\include\dbi.inc::SQL_QuoteString
L 05/29/2020 - 00:23:12: [SM]   [2] Line 185, timer_cpmod/sql.sp::db_updatePlayerCheckpoint
L 05/29/2020 - 00:23:12: [SM]   [3] Line 404, timer-cpmod.sp::OnClientDisconnect
L 05/29/2020 - 00:23:12: Error log file session closed.
L 05/29/2020 - 00:23:12: SourceMod error session started
L 05/29/2020 - 00:23:12: Info (map "mg_damons_canyon") (file "C:\servers\exofenscourse\csgo\addons\sourcemod\logs\errors_20200529.log")
L 05/29/2020 - 00:23:12: [SM] Fatal error encountered parsing translation file "mapchooser_extended.phrases.txt"
L 05/29/2020 - 00:23:12: [SM] Error (line 0, column 0): Stream failed to open
L 05/29/2020 - 00:23:12: [SM] Fatal error encountered parsing translation file "cpmod.phrases.txt"
L 05/29/2020 - 00:23:12: [SM] Error (line 0, column 0): Stream failed to open
L 05/29/2020 - 00:23:17: [SM] Exception reported: Invalid database Handle 0 (error: 4)
L 05/29/2020 - 00:23:17: [SM] Blaming: timer-cpmod.smx
L 05/29/2020 - 00:23:17: [SM] Call stack trace:
L 05/29/2020 - 00:23:17: [SM]   [0] SQL_TQuery
L 05/29/2020 - 00:23:17: [SM]   [1] Line 229, timer_cpmod/sql.sp::db_selectPlayerCheckpoint
L 05/29/2020 - 00:23:17: [SM]   [2] Line 389, timer-cpmod.sp::OnClientPostAdminCheck
L 05/29/2020 - 00:24:26: [SM] Exception reported: Invalid database Handle 0 (error: 4)
L 05/29/2020 - 00:24:26: [SM] Blaming: timer-cpmod.smx
L 05/29/2020 - 00:24:26: [SM] Call stack trace:
L 05/29/2020 - 00:24:26: [SM]   [0] SQL_TQuery
L 05/29/2020 - 00:24:26: [SM]   [1] Line 229, timer_cpmod/sql.sp::db_selectPlayerCheckpoint
L 05/29/2020 - 00:24:26: [SM]   [2] Line 389, timer-cpmod.sp::OnClientPostAdminCheck
L 05/29/2020 - 00:36:08: [SM] Exception reported: Invalid database Handle 0 (error: 4)
L 05/29/2020 - 00:36:08: [SM] Blaming: timer-cpmod.smx
L 05/29/2020 - 00:36:08: [SM] Call stack trace:
L 05/29/2020 - 00:36:08: [SM]   [0] SQL_EscapeString
L 05/29/2020 - 00:36:08: [SM]   [1] Line 642, D:\Sourcetree\timer\addons\sourcemod\scripting\include\dbi.inc::SQL_QuoteString
L 05/29/2020 - 00:36:08: [SM]   [2] Line 185, timer_cpmod/sql.sp::db_updatePlayerCheckpoint
L 05/29/2020 - 00:36:08: [SM]   [3] Line 404, timer-cpmod.sp::OnClientDisconnect
L 05/29/2020 - 00:36:08: [SM] Exception reported: Invalid database Handle 0 (error: 4)
L 05/29/2020 - 00:36:08: [SM] Blaming: timer-cpmod.smx
L 05/29/2020 - 00:36:08: [SM] Call stack trace:
L 05/29/2020 - 00:36:08: [SM]   [0] SQL_EscapeString
L 05/29/2020 - 00:36:08: [SM]   [1] Line 642, D:\Sourcetree\timer\addons\sourcemod\scripting\include\dbi.inc::SQL_QuoteString
L 05/29/2020 - 00:36:08: [SM]   [2] Line 185, timer_cpmod/sql.sp::db_updatePlayerCheckpoint
L 05/29/2020 - 00:36:08: [SM]   [3] Line 404, timer-cpmod.sp::OnClientDisconnect
L 05/29/2020 - 00:36:08: Error log file session closed.
L 05/29/2020 - 00:36:09: SourceMod error session started
L 05/29/2020 - 00:36:09: Info (map "mg_damons_canyon") (file "C:\servers\exofenscourse\csgo\addons\sourcemod\logs\errors_20200529.log")
L 05/29/2020 - 00:36:09: [SM] Fatal error encountered parsing translation file "mapchooser_extended.phrases.txt"
L 05/29/2020 - 00:36:09: [SM] Error (line 0, column 0): Stream failed to open
L 05/29/2020 - 00:36:09: [SM] Fatal error encountered parsing translation file "cpmod.phrases.txt"
L 05/29/2020 - 00:36:09: [SM] Error (line 0, column 0): Stream failed to open
L 05/29/2020 - 00:36:20: [SM] Exception reported: Invalid database Handle 0 (error: 4)
L 05/29/2020 - 00:36:20: [SM] Blaming: timer-cpmod.smx
L 05/29/2020 - 00:36:20: [SM] Call stack trace:
L 05/29/2020 - 00:36:20: [SM]   [0] SQL_TQuery
L 05/29/2020 - 00:36:20: [SM]   [1] Line 229, timer_cpmod/sql.sp::db_selectPlayerCheckpoint
L 05/29/2020 - 00:36:20: [SM]   [2] Line 389, timer-cpmod.sp::OnClientPostAdminCheck
L 05/29/2020 - 00:37:22: [SM] Exception reported: Invalid database Handle 0 (error: 4)
L 05/29/2020 - 00:37:22: [SM] Blaming: timer-cpmod.smx
L 05/29/2020 - 00:37:22: [SM] Call stack trace:
L 05/29/2020 - 00:37:22: [SM]   [0] SQL_TQuery
L 05/29/2020 - 00:37:22: [SM]   [1] Line 229, timer_cpmod/sql.sp::db_selectPlayerCheckpoint
L 05/29/2020 - 00:37:22: [SM]   [2] Line 389, timer-cpmod.sp::OnClientPostAdminCheck
L 05/29/2020 - 00:37:39: SourceMod error session started
L 05/29/2020 - 00:37:39: Info (map "mg_damons_canyon") (file "C:\servers\exofenscourse\csgo\addons\sourcemod\logs\errors_20200529.log")
L 05/29/2020 - 00:37:39: [SM] Exception reported: Failed to create native "IsPlayerInTP", name is probably already in use
L 05/29/2020 - 00:37:39: [SM] Blaming: thirdperson.smx
L 05/29/2020 - 00:37:39: [SM] Call stack trace:
L 05/29/2020 - 00:37:39: [SM]   [0] CreateNative
L 05/29/2020 - 00:37:39: [SM]   [1] Line 39, thirdperson.sp::AskPluginLoad2
L 05/29/2020 - 00:37:39: [SM] Failed to load plugin "thirdperson.smx": unexpected error 23 in AskPluginLoad callback.
L 05/29/2020 - 00:37:39: [SM] Exception reported: Failed to create native "Timer_GetClientLevel", name is probably already in use
L 05/29/2020 - 00:37:39: [SM] Blaming: timer-mapzones_surf.smx
L 05/29/2020 - 00:37:39: [SM] Call stack trace:
L 05/29/2020 - 00:37:39: [SM]   [0] CreateNative
L 05/29/2020 - 00:37:39: [SM]   [1] Line 119, C:\Users\willi\Desktop\APITimer-master\addons\sourcemod\scripting\timer-mapzones_surf.sp::AskPluginLoad2
L 05/29/2020 - 00:37:39: [SM] Failed to load plugin "timer-mapzones_surf.smx": unexpected error 23 in AskPluginLoad callback.
L 05/29/2020 - 00:37:39: [SM] Unable to load plugin "AFKManager.smx": Could not find required plugin "client_times"
L 05/29/2020 - 00:37:39: [SM] Unable to load plugin "HidePlayers.smx": Could not find required plugin "client_cookies"
L 05/29/2020 - 00:37:39: [SM] Fatal error encountered parsing translation file "mapchooser_extended.phrases.txt"
L 05/29/2020 - 00:37:39: [SM] Error (line 0, column 0): Stream failed to open
L 05/29/2020 - 00:37:39: [SM] Unable to load plugin "MapVoting.smx": Could not find required plugin "database_core"
L 05/29/2020 - 00:37:39: [store.smx] Gifts! isn't installed or failed to load. Gifts support will be disabled. Please install Gifts. (http://forums.alliedmods.net/showthread.php?t=175185)
L 05/29/2020 - 00:37:39: [SM] Fatal error encountered parsing translation file "cpmod.phrases.txt"
L 05/29/2020 - 00:37:39: [SM] Error (line 0, column 0): Stream failed to open
L 05/29/2020 - 00:37:39: [timer-cpmod.smx] [cP Mod] Unable to connect to database (Configuration "cpmod" not found)
L 05/29/2020 - 00:38:19: [SM] Exception reported: Invalid database Handle 0 (error: 4)
L 05/29/2020 - 00:38:19: [SM] Blaming: timer-cpmod.smx
L 05/29/2020 - 00:38:19: [SM] Call stack trace:
L 05/29/2020 - 00:38:19: [SM]   [0] SQL_EscapeString
L 05/29/2020 - 00:38:19: [SM]   [1] Line 642, D:\Sourcetree\timer\addons\sourcemod\scripting\include\dbi.inc::SQL_QuoteString
L 05/29/2020 - 00:38:19: [SM]   [2] Line 185, timer_cpmod/sql.sp::db_updatePlayerCheckpoint
L 05/29/2020 - 00:38:19: [SM]   [3] Line 404, timer-cpmod.sp::OnClientDisconnect
L 05/29/2020 - 00:38:19: [SM] Exception reported: Invalid database Handle 0 (error: 4)
L 05/29/2020 - 00:38:19: [SM] Blaming: timer-cpmod.smx
L 05/29/2020 - 00:38:19: [SM] Call stack trace:
L 05/29/2020 - 00:38:19: [SM]   [0] SQL_EscapeString
L 05/29/2020 - 00:38:19: [SM]   [1] Line 642, D:\Sourcetree\timer\addons\sourcemod\scripting\include\dbi.inc::SQL_QuoteString
L 05/29/2020 - 00:38:19: [SM]   [2] Line 185, timer_cpmod/sql.sp::db_updatePlayerCheckpoint
L 05/29/2020 - 00:38:19: [SM]   [3] Line 404, timer-cpmod.sp::OnClientDisconnect
L 05/29/2020 - 00:38:19: [SM] Exception reported: Invalid database Handle 0 (error: 4)
L 05/29/2020 - 00:38:19: [SM] Blaming: timer-cpmod.smx
L 05/29/2020 - 00:38:19: [SM] Call stack trace:
L 05/29/2020 - 00:38:19: [SM]   [0] SQL_EscapeString
L 05/29/2020 - 00:38:19: [SM]   [1] Line 642, D:\Sourcetree\timer\addons\sourcemod\scripting\include\dbi.inc::SQL_QuoteString
L 05/29/2020 - 00:38:19: [SM]   [2] Line 185, timer_cpmod/sql.sp::db_updatePlayerCheckpoint
L 05/29/2020 - 00:38:19: [SM]   [3] Line 404, timer-cpmod.sp::OnClientDisconnect
L 05/29/2020 - 00:38:19: Error log file session closed.
L 05/29/2020 - 00:38:19: SourceMod error session started
L 05/29/2020 - 00:38:19: Info (map "mg_damons_canyon") (file "C:\servers\exofenscourse\csgo\addons\sourcemod\logs\errors_20200529.log")
L 05/29/2020 - 00:38:19: [SM] Fatal error encountered parsing translation file "mapchooser_extended.phrases.txt"
L 05/29/2020 - 00:38:19: [SM] Error (line 0, column 0): Stream failed to open
L 05/29/2020 - 00:38:19: [SM] Fatal error encountered parsing translation file "cpmod.phrases.txt"
L 05/29/2020 - 00:38:19: [SM] Error (line 0, column 0): Stream failed to open
L 05/29/2020 - 00:38:26: [SM] Exception reported: Invalid database Handle 0 (error: 4)
L 05/29/2020 - 00:38:26: [SM] Blaming: timer-cpmod.smx
L 05/29/2020 - 00:38:26: [SM] Call stack trace:
L 05/29/2020 - 00:38:26: [SM]   [0] SQL_TQuery
L 05/29/2020 - 00:38:26: [SM]   [1] Line 229, timer_cpmod/sql.sp::db_selectPlayerCheckpoint
L 05/29/2020 - 00:38:26: [SM]   [2] Line 389, timer-cpmod.sp::OnClientPostAdminCheck
L 05/29/2020 - 00:39:50: [SM] Exception reported: Invalid database Handle 0 (error: 4)
L 05/29/2020 - 00:39:50: [SM] Blaming: timer-cpmod.smx
L 05/29/2020 - 00:39:50: [SM] Call stack trace:
L 05/29/2020 - 00:39:50: [SM]   [0] SQL_TQuery
L 05/29/2020 - 00:39:50: [SM]   [1] Line 229, timer_cpmod/sql.sp::db_selectPlayerCheckpoint
L 05/29/2020 - 00:39:50: [SM]   [2] Line 389, timer-cpmod.sp::OnClientPostAdminCheck
L 05/29/2020 - 00:41:24: SourceMod error session started
L 05/29/2020 - 00:41:24: Info (map "mg_damons_canyon") (file "C:\servers\exofenscourse\csgo\addons\sourcemod\logs\errors_20200529.log")
L 05/29/2020 - 00:41:24: [SM] Exception reported: Failed to create native "IsPlayerInTP", name is probably already in use
L 05/29/2020 - 00:41:24: [SM] Blaming: thirdperson.smx
L 05/29/2020 - 00:41:24: [SM] Call stack trace:
L 05/29/2020 - 00:41:24: [SM]   [0] CreateNative
L 05/29/2020 - 00:41:24: [SM]   [1] Line 39, thirdperson.sp::AskPluginLoad2
L 05/29/2020 - 00:41:24: [SM] Failed to load plugin "thirdperson.smx": unexpected error 23 in AskPluginLoad callback.
L 05/29/2020 - 00:41:24: [SM] Exception reported: Failed to create native "Timer_GetClientLevel", name is probably already in use
L 05/29/2020 - 00:41:24: [SM] Blaming: timer-mapzones_surf.smx
L 05/29/2020 - 00:41:24: [SM] Call stack trace:
L 05/29/2020 - 00:41:24: [SM]   [0] CreateNative
L 05/29/2020 - 00:41:24: [SM]   [1] Line 119, C:\Users\willi\Desktop\APITimer-master\addons\sourcemod\scripting\timer-mapzones_surf.sp::AskPluginLoad2
L 05/29/2020 - 00:41:24: [SM] Failed to load plugin "timer-mapzones_surf.smx": unexpected error 23 in AskPluginLoad callback.
L 05/29/2020 - 00:41:24: [SM] Unable to load plugin "AFKManager.smx": Could not find required plugin "client_times"
L 05/29/2020 - 00:41:24: [SM] Unable to load plugin "HidePlayers.smx": Could not find required plugin "client_cookies"
L 05/29/2020 - 00:41:24: [SM] Fatal error encountered parsing translation file "mapchooser_extended.phrases.txt"
L 05/29/2020 - 00:41:24: [SM] Error (line 0, column 0): Stream failed to open
L 05/29/2020 - 00:41:24: [SM] Unable to load plugin "MapVoting.smx": Could not find required plugin "database_core"
L 05/29/2020 - 00:41:25: [store.smx] Gifts! isn't installed or failed to load. Gifts support will be disabled. Please install Gifts. (http://forums.alliedmods.net/showthread.php?t=175185)
L 05/29/2020 - 00:41:25: [SM] Fatal error encountered parsing translation file "cpmod.phrases.txt"
L 05/29/2020 - 00:41:25: [SM] Error (line 0, column 0): Stream failed to open
L 05/29/2020 - 00:41:25: [timer-cpmod.smx] [cP Mod] Unable to connect to database (Configuration "cpmod" not found)
L 05/29/2020 - 00:42:36: [SM] Exception reported: Invalid database Handle 0 (error: 4)
L 05/29/2020 - 00:42:36: [SM] Blaming: timer-cpmod.smx
L 05/29/2020 - 00:42:36: [SM] Call stack trace:
L 05/29/2020 - 00:42:36: [SM]   [0] SQL_EscapeString
L 05/29/2020 - 00:42:36: [SM]   [1] Line 642, D:\Sourcetree\timer\addons\sourcemod\scripting\include\dbi.inc::SQL_QuoteString
L 05/29/2020 - 00:42:36: [SM]   [2] Line 185, timer_cpmod/sql.sp::db_updatePlayerCheckpoint
L 05/29/2020 - 00:42:36: [SM]   [3] Line 404, timer-cpmod.sp::OnClientDisconnect
L 05/29/2020 - 00:42:36: [SM] Exception reported: Invalid database Handle 0 (error: 4)
L 05/29/2020 - 00:42:36: [SM] Blaming: timer-cpmod.smx
L 05/29/2020 - 00:42:36: [SM] Call stack trace:
L 05/29/2020 - 00:42:36: [SM]   [0] SQL_EscapeString
L 05/29/2020 - 00:42:36: [SM]   [1] Line 642, D:\Sourcetree\timer\addons\sourcemod\scripting\include\dbi.inc::SQL_QuoteString
L 05/29/2020 - 00:42:36: [SM]   [2] Line 185, timer_cpmod/sql.sp::db_updatePlayerCheckpoint
L 05/29/2020 - 00:42:36: [SM]   [3] Line 404, timer-cpmod.sp::OnClientDisconnect
L 05/29/2020 - 00:42:37: Error log file session closed.
L 05/29/2020 - 00:42:37: SourceMod error session started
L 05/29/2020 - 00:42:37: Info (map "mg_damons_canyon") (file "C:\servers\exofenscourse\csgo\addons\sourcemod\logs\errors_20200529.log")
L 05/29/2020 - 00:42:37: [SM] Fatal error encountered parsing translation file "mapchooser_extended.phrases.txt"
L 05/29/2020 - 00:42:37: [SM] Error (line 0, column 0): Stream failed to open
L 05/29/2020 - 00:42:37: [SM] Fatal error encountered parsing translation file "cpmod.phrases.txt"
L 05/29/2020 - 00:42:37: [SM] Error (line 0, column 0): Stream failed to open
L 05/29/2020 - 00:42:43: [SM] Exception reported: Invalid database Handle 0 (error: 4)
L 05/29/2020 - 00:42:43: [SM] Blaming: timer-cpmod.smx
L 05/29/2020 - 00:42:43: [SM] Call stack trace:
L 05/29/2020 - 00:42:43: [SM]   [0] SQL_TQuery
L 05/29/2020 - 00:42:43: [SM]   [1] Line 229, timer_cpmod/sql.sp::db_selectPlayerCheckpoint
L 05/29/2020 - 00:42:43: [SM]   [2] Line 389, timer-cpmod.sp::OnClientPostAdminCheck
L 05/29/2020 - 00:43:07: [SM] Exception reported: Invalid database Handle 0 (error: 4)
L 05/29/2020 - 00:43:07: [SM] Blaming: timer-cpmod.smx
L 05/29/2020 - 00:43:07: [SM] Call stack trace:
L 05/29/2020 - 00:43:07: [SM]   [0] SQL_TQuery
L 05/29/2020 - 00:43:07: [SM]   [1] Line 229, timer_cpmod/sql.sp::db_selectPlayerCheckpoint
L 05/29/2020 - 00:43:07: [SM]   [2] Line 389, timer-cpmod.sp::OnClientPostAdminCheck
L 05/29/2020 - 00:46:02: [SM] Exception reported: Invalid database Handle 0 (error: 4)
L 05/29/2020 - 00:46:02: [SM] Blaming: timer-cpmod.smx
L 05/29/2020 - 00:46:02: [SM] Call stack trace:
L 05/29/2020 - 00:46:02: [SM]   [0] SQL_EscapeString
L 05/29/2020 - 00:46:02: [SM]   [1] Line 642, D:\Sourcetree\timer\addons\sourcemod\scripting\include\dbi.inc::SQL_QuoteString
L 05/29/2020 - 00:46:02: [SM]   [2] Line 185, timer_cpmod/sql.sp::db_updatePlayerCheckpoint
L 05/29/2020 - 00:46:02: [SM]   [3] Line 404, timer-cpmod.sp::OnClientDisconnect
L 05/29/2020 - 00:46:02: [SM] Exception reported: Invalid database Handle 0 (error: 4)
L 05/29/2020 - 00:46:02: [SM] Blaming: timer-cpmod.smx
L 05/29/2020 - 00:46:02: [SM] Call stack trace:
L 05/29/2020 - 00:46:02: [SM]   [0] SQL_EscapeString
L 05/29/2020 - 00:46:02: [SM]   [1] Line 642, D:\Sourcetree\timer\addons\sourcemod\scripting\include\dbi.inc::SQL_QuoteString
L 05/29/2020 - 00:46:02: [SM]   [2] Line 185, timer_cpmod/sql.sp::db_updatePlayerCheckpoint
L 05/29/2020 - 00:46:02: [SM]   [3] Line 404, timer-cpmod.sp::OnClientDisconnect
L 05/29/2020 - 00:46:03: Error log file session closed.
L 05/29/2020 - 00:46:03: SourceMod error session started
L 05/29/2020 - 00:46:03: Info (map "mg_circle_course") (file "C:\servers\exofenscourse\csgo\addons\sourcemod\logs\errors_20200529.log")
L 05/29/2020 - 00:46:03: [SM] Fatal error encountered parsing translation file "mapchooser_extended.phrases.txt"
L 05/29/2020 - 00:46:03: [SM] Error (line 0, column 0): Stream failed to open
L 05/29/2020 - 00:46:03: [SM] Fatal error encountered parsing translation file "cpmod.phrases.txt"
L 05/29/2020 - 00:46:03: [SM] Error (line 0, column 0): Stream failed to open
L 05/29/2020 - 00:46:27: [SM] Exception reported: Invalid database Handle 0 (error: 4)
L 05/29/2020 - 00:46:27: [SM] Blaming: timer-cpmod.smx
L 05/29/2020 - 00:46:27: [SM] Call stack trace:
L 05/29/2020 - 00:46:27: [SM]   [0] SQL_TQuery
L 05/29/2020 - 00:46:27: [SM]   [1] Line 229, timer_cpmod/sql.sp::db_selectPlayerCheckpoint
L 05/29/2020 - 00:46:27: [SM]   [2] Line 389, timer-cpmod.sp::OnClientPostAdminCheck
L 05/29/2020 - 00:46:29: [SM] Exception reported: Invalid database Handle 0 (error: 4)
L 05/29/2020 - 00:46:29: [SM] Blaming: timer-cpmod.smx
L 05/29/2020 - 00:46:29: [SM] Call stack trace:
L 05/29/2020 - 00:46:29: [SM]   [0] SQL_TQuery
L 05/29/2020 - 00:46:29: [SM]   [1] Line 229, timer_cpmod/sql.sp::db_selectPlayerCheckpoint
L 05/29/2020 - 00:46:29: [SM]   [2] Line 389, timer-cpmod.sp::OnClientPostAdminCheck
L 05/29/2020 - 00:47:21: [SM] Exception reported: Invalid database Handle 0 (error: 4)
L 05/29/2020 - 00:47:21: [SM] Blaming: timer-cpmod.smx
L 05/29/2020 - 00:47:21: [SM] Call stack trace:
L 05/29/2020 - 00:47:21: [SM]   [0] SQL_EscapeString
L 05/29/2020 - 00:47:21: [SM]   [1] Line 642, D:\Sourcetree\timer\addons\sourcemod\scripting\include\dbi.inc::SQL_QuoteString
L 05/29/2020 - 00:47:21: [SM]   [2] Line 185, timer_cpmod/sql.sp::db_updatePlayerCheckpoint
L 05/29/2020 - 00:47:21: [SM]   [3] Line 404, timer-cpmod.sp::OnClientDisconnect
L 05/29/2020 - 00:47:22: Error log file session closed.
L 05/29/2020 - 00:47:22: SourceMod error session started
L 05/29/2020 - 00:47:22: Info (map "mg_cypher") (file "C:\servers\exofenscourse\csgo\addons\sourcemod\logs\errors_20200529.log")
L 05/29/2020 - 00:47:22: [SM] Fatal error encountered parsing translation file "mapchooser_extended.phrases.txt"
L 05/29/2020 - 00:47:22: [SM] Error (line 0, column 0): Stream failed to open
L 05/29/2020 - 00:47:22: [SM] Fatal error encountered parsing translation file "cpmod.phrases.txt"
L 05/29/2020 - 00:47:22: [SM] Error (line 0, column 0): Stream failed to open
L 05/29/2020 - 00:47:31: [SM] Exception reported: Invalid database Handle 0 (error: 4)
L 05/29/2020 - 00:47:31: [SM] Blaming: timer-cpmod.smx
L 05/29/2020 - 00:47:31: [SM] Call stack trace:
L 05/29/2020 - 00:47:31: [SM]   [0] SQL_TQuery
L 05/29/2020 - 00:47:31: [SM]   [1] Line 229, timer_cpmod/sql.sp::db_selectPlayerCheckpoint
L 05/29/2020 - 00:47:31: [SM]   [2] Line 389, timer-cpmod.sp::OnClientPostAdminCheck
L 05/29/2020 - 00:47:45: [SM] Exception reported: Invalid database Handle 0 (error: 4)
L 05/29/2020 - 00:47:45: [SM] Blaming: timer-cpmod.smx
L 05/29/2020 - 00:47:45: [SM] Call stack trace:
L 05/29/2020 - 00:47:45: [SM]   [0] SQL_TQuery
L 05/29/2020 - 00:47:45: [SM]   [1] Line 229, timer_cpmod/sql.sp::db_selectPlayerCheckpoint
L 05/29/2020 - 00:47:45: [SM]   [2] Line 389, timer-cpmod.sp::OnClientPostAdminCheck
L 05/29/2020 - 01:07:22: [SM] Exception reported: Language phrase "Vote Warning" not found (arg 3)
L 05/29/2020 - 01:07:22: [SM] Blaming: mapchooser_extended.smx
L 05/29/2020 - 01:07:22: [SM] Call stack trace:
L 05/29/2020 - 01:07:22: [SM]   [0] VFormat
L 05/29/2020 - 01:07:22: [SM]   [1] Line 399, C:\Users\willi\Desktop\APITimer-master\addons\sourcemod\scripting\include\halflife.inc::PrintHintTextToAll
L 05/29/2020 - 01:07:22: [SM]   [2] Line 673, C:\Users\willi\Desktop\APITimer-master\addons\sourcemod\scripting\mapchooser_extended.sp::Timer_StartMapVote
L 05/29/2020 - 01:07:23: [SM] Exception reported: Language phrase "Vote Warning" not found (arg 3)
L 05/29/2020 - 01:07:23: [SM] Blaming: mapchooser_extended.smx
L 05/29/2020 - 01:07:23: [SM] Call stack trace:
L 05/29/2020 - 01:07:23: [SM]   [0] VFormat
L 05/29/2020 - 01:07:23: [SM]   [1] Line 399, C:\Users\willi\Desktop\APITimer-master\addons\sourcemod\scripting\include\halflife.inc::PrintHintTextToAll
L 05/29/2020 - 01:07:23: [SM]   [2] Line 673, C:\Users\willi\Desktop\APITimer-master\addons\sourcemod\scripting\mapchooser_extended.sp::Timer_StartMapVote
L 05/29/2020 - 01:07:24: [SM] Exception reported: Language phrase "Vote Warning" not found (arg 3)
L 05/29/2020 - 01:07:24: [SM] Blaming: mapchooser_extended.smx
L 05/29/2020 - 01:07:24: [SM] Call stack trace:
L 05/29/2020 - 01:07:24: [SM]   [0] VFormat
L 05/29/2020 - 01:07:24: [SM]   [1] Line 399, C:\Users\willi\Desktop\APITimer-master\addons\sourcemod\scripting\include\halflife.inc::PrintHintTextToAll
L 05/29/2020 - 01:07:24: [SM]   [2] Line 673, C:\Users\willi\Desktop\APITimer-master\addons\sourcemod\scripting\mapchooser_extended.sp::Timer_StartMapVote
L 05/29/2020 - 01:07:25: [SM] Exception reported: Language phrase "Vote Warning" not found (arg 3)
L 05/29/2020 - 01:07:25: [SM] Blaming: mapchooser_extended.smx
L 05/29/2020 - 01:07:25: [SM] Call stack trace:
L 05/29/2020 - 01:07:25: [SM]   [0] VFormat
L 05/29/2020 - 01:07:25: [SM]   [1] Line 399, C:\Users\willi\Desktop\APITimer-master\addons\sourcemod\scripting\include\halflife.inc::PrintHintTextToAll
L 05/29/2020 - 01:07:25: [SM]   [2] Line 673, C:\Users\willi\Desktop\APITimer-master\addons\sourcemod\scripting\mapchooser_extended.sp::Timer_StartMapVote
L 05/29/2020 - 01:07:26: [SM] Exception reported: Language phrase "Vote Warning" not found (arg 3)
L 05/29/2020 - 01:07:26: [SM] Blaming: mapchooser_extended.smx
L 05/29/2020 - 01:07:26: [SM] Call stack trace:
L 05/29/2020 - 01:07:26: [SM]   [0] VFormat
L 05/29/2020 - 01:07:26: [SM]   [1] Line 399, C:\Users\willi\Desktop\APITimer-master\addons\sourcemod\scripting\include\halflife.inc::PrintHintTextToAll
L 05/29/2020 - 01:07:26: [SM]   [2] Line 673, C:\Users\willi\Desktop\APITimer-master\addons\sourcemod\scripting\mapchooser_extended.sp::Timer_StartMapVote
L 05/29/2020 - 01:07:27: [SM] Exception reported: Language phrase "Vote Warning" not found (arg 3)
L 05/29/2020 - 01:07:27: [SM] Blaming: mapchooser_extended.smx
L 05/29/2020 - 01:07:27: [SM] Call stack trace:
L 05/29/2020 - 01:07:27: [SM]   [0] VFormat
L 05/29/2020 - 01:07:27: [SM]   [1] Line 399, C:\Users\willi\Desktop\APITimer-master\addons\sourcemod\scripting\include\halflife.inc::PrintHintTextToAll
L 05/29/2020 - 01:07:27: [SM]   [2] Line 673, C:\Users\willi\Desktop\APITimer-master\addons\sourcemod\scripting\mapchooser_extended.sp::Timer_StartMapVote
L 05/29/2020 - 01:07:28: [SM] Exception reported: Language phrase "Vote Warning" not found (arg 3)
L 05/29/2020 - 01:07:28: [SM] Blaming: mapchooser_extended.smx
L 05/29/2020 - 01:07:28: [SM] Call stack trace:
L 05/29/2020 - 01:07:28: [SM]   [0] VFormat
L 05/29/2020 - 01:07:28: [SM]   [1] Line 399, C:\Users\willi\Desktop\APITimer-master\addons\sourcemod\scripting\include\halflife.inc::PrintHintTextToAll
L 05/29/2020 - 01:07:28: [SM]   [2] Line 673, C:\Users\willi\Desktop\APITimer-master\addons\sourcemod\scripting\mapchooser_extended.sp::Timer_StartMapVote
L 05/29/2020 - 01:07:29: [SM] Exception reported: Language phrase "Vote Warning" not found (arg 3)
L 05/29/2020 - 01:07:29: [SM] Blaming: mapchooser_extended.smx
L 05/29/2020 - 01:07:29: [SM] Call stack trace:
L 05/29/2020 - 01:07:29: [SM]   [0] VFormat
L 05/29/2020 - 01:07:29: [SM]   [1] Line 399, C:\Users\willi\Desktop\APITimer-master\addons\sourcemod\scripting\include\halflife.inc::PrintHintTextToAll
L 05/29/2020 - 01:07:29: [SM]   [2] Line 673, C:\Users\willi\Desktop\APITimer-master\addons\sourcemod\scripting\mapchooser_extended.sp::Timer_StartMapVote
L 05/29/2020 - 01:07:30: [SM] Exception reported: Language phrase "Vote Warning" not found (arg 3)
L 05/29/2020 - 01:07:30: [SM] Blaming: mapchooser_extended.smx
L 05/29/2020 - 01:07:30: [SM] Call stack trace:
L 05/29/2020 - 01:07:30: [SM]   [0] VFormat
L 05/29/2020 - 01:07:30: [SM]   [1] Line 399, C:\Users\willi\Desktop\APITimer-master\addons\sourcemod\scripting\include\halflife.inc::PrintHintTextToAll
L 05/29/2020 - 01:07:30: [SM]   [2] Line 673, C:\Users\willi\Desktop\APITimer-master\addons\sourcemod\scripting\mapchooser_extended.sp::Timer_StartMapVote
L 05/29/2020 - 01:07:31: [SM] Exception reported: Language phrase "Vote Warning" not found (arg 3)
L 05/29/2020 - 01:07:31: [SM] Blaming: mapchooser_extended.smx
L 05/29/2020 - 01:07:31: [SM] Call stack trace:
L 05/29/2020 - 01:07:31: [SM]   [0] VFormat
L 05/29/2020 - 01:07:31: [SM]   [1] Line 399, C:\Users\willi\Desktop\APITimer-master\addons\sourcemod\scripting\include\halflife.inc::PrintHintTextToAll
L 05/29/2020 - 01:07:31: [SM]   [2] Line 673, C:\Users\willi\Desktop\APITimer-master\addons\sourcemod\scripting\mapchooser_extended.sp::Timer_StartMapVote
L 05/29/2020 - 01:07:32: [SM] Exception reported: Language phrase "Vote Warning" not found (arg 3)
L 05/29/2020 - 01:07:32: [SM] Blaming: mapchooser_extended.smx
L 05/29/2020 - 01:07:32: [SM] Call stack trace:
L 05/29/2020 - 01:07:32: [SM]   [0] VFormat
L 05/29/2020 - 01:07:32: [SM]   [1] Line 399, C:\Users\willi\Desktop\APITimer-master\addons\sourcemod\scripting\include\halflife.inc::PrintHintTextToAll
L 05/29/2020 - 01:07:32: [SM]   [2] Line 673, C:\Users\willi\Desktop\APITimer-master\addons\sourcemod\scripting\mapchooser_extended.sp::Timer_StartMapVote
L 05/29/2020 - 01:07:33: [SM] Exception reported: Language phrase "Vote Warning" not found (arg 3)
L 05/29/2020 - 01:07:33: [SM] Blaming: mapchooser_extended.smx
L 05/29/2020 - 01:07:33: [SM] Call stack trace:
L 05/29/2020 - 01:07:33: [SM]   [0] VFormat
L 05/29/2020 - 01:07:33: [SM]   [1] Line 399, C:\Users\willi\Desktop\APITimer-master\addons\sourcemod\scripting\include\halflife.inc::PrintHintTextToAll
L 05/29/2020 - 01:07:33: [SM]   [2] Line 673, C:\Users\willi\Desktop\APITimer-master\addons\sourcemod\scripting\mapchooser_extended.sp::Timer_StartMapVote
L 05/29/2020 - 01:07:34: [SM] Exception reported: Language phrase "Vote Warning" not found (arg 3)
L 05/29/2020 - 01:07:34: [SM] Blaming: mapchooser_extended.smx
L 05/29/2020 - 01:07:34: [SM] Call stack trace:
L 05/29/2020 - 01:07:34: [SM]   [0] VFormat
L 05/29/2020 - 01:07:34: [SM]   [1] Line 399, C:\Users\willi\Desktop\APITimer-master\addons\sourcemod\scripting\include\halflife.inc::PrintHintTextToAll
L 05/29/2020 - 01:07:34: [SM]   [2] Line 673, C:\Users\willi\Desktop\APITimer-master\addons\sourcemod\scripting\mapchooser_extended.sp::Timer_StartMapVote
L 05/29/2020 - 01:07:35: [SM] Exception reported: Language phrase "Vote Warning" not found (arg 3)
L 05/29/2020 - 01:07:35: [SM] Blaming: mapchooser_extended.smx
L 05/29/2020 - 01:07:35: [SM] Call stack trace:
L 05/29/2020 - 01:07:35: [SM]   [0] VFormat
L 05/29/2020 - 01:07:35: [SM]   [1] Line 399, C:\Users\willi\Desktop\APITimer-master\addons\sourcemod\scripting\include\halflife.inc::PrintHintTextToAll
L 05/29/2020 - 01:07:35: [SM]   [2] Line 673, C:\Users\willi\Desktop\APITimer-master\addons\sourcemod\scripting\mapchooser_extended.sp::Timer_StartMapVote
L 05/29/2020 - 01:07:36: [SM] Exception reported: Language phrase "Vote Warning" not found (arg 3)
L 05/29/2020 - 01:07:36: [SM] Blaming: mapchooser_extended.smx
L 05/29/2020 - 01:07:36: [SM] Call stack trace:
L 05/29/2020 - 01:07:36: [SM]   [0] VFormat
L 05/29/2020 - 01:07:36: [SM]   [1] Line 399, C:\Users\willi\Desktop\APITimer-master\addons\sourcemod\scripting\include\halflife.inc::PrintHintTextToAll
L 05/29/2020 - 01:07:36: [SM]   [2] Line 673, C:\Users\willi\Desktop\APITimer-master\addons\sourcemod\scripting\mapchooser_extended.sp::Timer_StartMapVote
L 05/29/2020 - 01:07:37: [SM] Exception reported: Language phrase "Vote Warning" not found (arg 3)
L 05/29/2020 - 01:07:37: [SM] Blaming: mapchooser_extended.smx
L 05/29/2020 - 01:07:37: [SM] Call stack trace:
L 05/29/2020 - 01:07:37: [SM]   [0] VFormat
L 05/29/2020 - 01:07:37: [SM]   [1] Line 399, C:\Users\willi\Desktop\APITimer-master\addons\sourcemod\scripting\include\halflife.inc::PrintHintTextToAll
L 05/29/2020 - 01:07:37: [SM]   [2] Line 673, C:\Users\willi\Desktop\APITimer-master\addons\sourcemod\scripting\mapchooser_extended.sp::Timer_StartMapVote
L 05/29/2020 - 01:07:38: [SM] Exception reported: Language phrase "Vote Warning" not found (arg 3)
L 05/29/2020 - 01:07:38: [SM] Blaming: mapchooser_extended.smx
L 05/29/2020 - 01:07:38: [SM] Call stack trace:
L 05/29/2020 - 01:07:38: [SM]   [0] VFormat
L 05/29/2020 - 01:07:38: [SM]   [1] Line 399, C:\Users\willi\Desktop\APITimer-master\addons\sourcemod\scripting\include\halflife.inc::PrintHintTextToAll
L 05/29/2020 - 01:07:38: [SM]   [2] Line 673, C:\Users\willi\Desktop\APITimer-master\addons\sourcemod\scripting\mapchooser_extended.sp::Timer_StartMapVote
L 05/29/2020 - 01:07:39: [SM] Exception reported: Language phrase "Vote Warning" not found (arg 3)
L 05/29/2020 - 01:07:39: [SM] Blaming: mapchooser_extended.smx
L 05/29/2020 - 01:07:39: [SM] Call stack trace:
L 05/29/2020 - 01:07:39: [SM]   [0] VFormat
L 05/29/2020 - 01:07:39: [SM]   [1] Line 399, C:\Users\willi\Desktop\APITimer-master\addons\sourcemod\scripting\include\halflife.inc::PrintHintTextToAll
L 05/29/2020 - 01:07:39: [SM]   [2] Line 673, C:\Users\willi\Desktop\APITimer-master\addons\sourcemod\scripting\mapchooser_extended.sp::Timer_StartMapVote
L 05/29/2020 - 01:07:40: [SM] Exception reported: Language phrase "Vote Warning" not found (arg 3)
L 05/29/2020 - 01:07:40: [SM] Blaming: mapchooser_extended.smx
L 05/29/2020 - 01:07:40: [SM] Call stack trace:
L 05/29/2020 - 01:07:40: [SM]   [0] VFormat
L 05/29/2020 - 01:07:40: [SM]   [1] Line 399, C:\Users\willi\Desktop\APITimer-master\addons\sourcemod\scripting\include\halflife.inc::PrintHintTextToAll
L 05/29/2020 - 01:07:40: [SM]   [2] Line 673, C:\Users\willi\Desktop\APITimer-master\addons\sourcemod\scripting\mapchooser_extended.sp::Timer_StartMapVote
L 05/29/2020 - 01:07:41: [SM] Exception reported: Language phrase "Vote Warning" not found (arg 3)
L 05/29/2020 - 01:07:41: [SM] Blaming: mapchooser_extended.smx
L 05/29/2020 - 01:07:41: [SM] Call stack trace:
L 05/29/2020 - 01:07:41: [SM]   [0] VFormat
L 05/29/2020 - 01:07:41: [SM]   [1] Line 399, C:\Users\willi\Desktop\APITimer-master\addons\sourcemod\scripting\include\halflife.inc::PrintHintTextToAll
L 05/29/2020 - 01:07:41: [SM]   [2] Line 673, C:\Users\willi\Desktop\APITimer-master\addons\sourcemod\scripting\mapchooser_extended.sp::Timer_StartMapVote
L 05/29/2020 - 01:07:42: [SM] Exception reported: Language phrase "Vote Warning" not found (arg 3)
L 05/29/2020 - 01:07:42: [SM] Blaming: mapchooser_extended.smx
L 05/29/2020 - 01:07:42: [SM] Call stack trace:
L 05/29/2020 - 01:07:42: [SM]   [0] VFormat
L 05/29/2020 - 01:07:42: [SM]   [1] Line 399, C:\Users\willi\Desktop\APITimer-master\addons\sourcemod\scripting\include\halflife.inc::PrintHintTextToAll
L 05/29/2020 - 01:07:42: [SM]   [2] Line 673, C:\Users\willi\Desktop\APITimer-master\addons\sourcemod\scripting\mapchooser_extended.sp::Timer_StartMapVote
L 05/29/2020 - 01:07:43: [SM] Exception reported: Language phrase "Vote Warning" not found (arg 3)
L 05/29/2020 - 01:07:43: [SM] Blaming: mapchooser_extended.smx
L 05/29/2020 - 01:07:43: [SM] Call stack trace:
L 05/29/2020 - 01:07:43: [SM]   [0] VFormat
L 05/29/2020 - 01:07:43: [SM]   [1] Line 399, C:\Users\willi\Desktop\APITimer-master\addons\sourcemod\scripting\include\halflife.inc::PrintHintTextToAll
L 05/29/2020 - 01:07:43: [SM]   [2] Line 673, C:\Users\willi\Desktop\APITimer-master\addons\sourcemod\scripting\mapchooser_extended.sp::Timer_StartMapVote
L 05/29/2020 - 01:07:44: [SM] Exception reported: Language phrase "Vote Warning" not found (arg 3)
L 05/29/2020 - 01:07:44: [SM] Blaming: mapchooser_extended.smx
L 05/29/2020 - 01:07:44: [SM] Call stack trace:
L 05/29/2020 - 01:07:44: [SM]   [0] VFormat
L 05/29/2020 - 01:07:44: [SM]   [1] Line 399, C:\Users\willi\Desktop\APITimer-master\addons\sourcemod\scripting\include\halflife.inc::PrintHintTextToAll
L 05/29/2020 - 01:07:44: [SM]   [2] Line 673, C:\Users\willi\Desktop\APITimer-master\addons\sourcemod\scripting\mapchooser_extended.sp::Timer_StartMapVote
L 05/29/2020 - 01:07:45: [SM] Exception reported: Language phrase "Vote Warning" not found (arg 3)
L 05/29/2020 - 01:07:45: [SM] Blaming: mapchooser_extended.smx
L 05/29/2020 - 01:07:45: [SM] Call stack trace:
L 05/29/2020 - 01:07:45: [SM]   [0] VFormat
L 05/29/2020 - 01:07:45: [SM]   [1] Line 399, C:\Users\willi\Desktop\APITimer-master\addons\sourcemod\scripting\include\halflife.inc::PrintHintTextToAll
L 05/29/2020 - 01:07:45: [SM]   [2] Line 673, C:\Users\willi\Desktop\APITimer-master\addons\sourcemod\scripting\mapchooser_extended.sp::Timer_StartMapVote
L 05/29/2020 - 01:07:46: [SM] Exception reported: Language phrase "Vote Warning" not found (arg 3)
L 05/29/2020 - 01:07:46: [SM] Blaming: mapchooser_extended.smx
L 05/29/2020 - 01:07:46: [SM] Call stack trace:
L 05/29/2020 - 01:07:46: [SM]   [0] VFormat
L 05/29/2020 - 01:07:46: [SM]   [1] Line 399, C:\Users\willi\Desktop\APITimer-master\addons\sourcemod\scripting\include\halflife.inc::PrintHintTextToAll
L 05/29/2020 - 01:07:46: [SM]   [2] Line 673, C:\Users\willi\Desktop\APITimer-master\addons\sourcemod\scripting\mapchooser_extended.sp::Timer_StartMapVote
L 05/29/2020 - 01:07:47: [SM] Exception reported: Language phrase "Vote Warning" not found (arg 3)
L 05/29/2020 - 01:07:47: [SM] Blaming: mapchooser_extended.smx
L 05/29/2020 - 01:07:47: [SM] Call stack trace:
L 05/29/2020 - 01:07:47: [SM]   [0] VFormat
L 05/29/2020 - 01:07:47: [SM]   [1] Line 399, C:\Users\willi\Desktop\APITimer-master\addons\sourcemod\scripting\include\halflife.inc::PrintHintTextToAll
L 05/29/2020 - 01:07:47: [SM]   [2] Line 673, C:\Users\willi\Desktop\APITimer-master\addons\sourcemod\scripting\mapchooser_extended.sp::Timer_StartMapVote
L 05/29/2020 - 01:07:48: [SM] Exception reported: Language phrase "Vote Warning" not found (arg 3)
L 05/29/2020 - 01:07:48: [SM] Blaming: mapchooser_extended.smx
L 05/29/2020 - 01:07:48: [SM] Call stack trace:
L 05/29/2020 - 01:07:48: [SM]   [0] VFormat
L 05/29/2020 - 01:07:48: [SM]   [1] Line 399, C:\Users\willi\Desktop\APITimer-master\addons\sourcemod\scripting\include\halflife.inc::PrintHintTextToAll
L 05/29/2020 - 01:07:48: [SM]   [2] Line 673, C:\Users\willi\Desktop\APITimer-master\addons\sourcemod\scripting\mapchooser_extended.sp::Timer_StartMapVote
L 05/29/2020 - 01:07:49: [SM] Exception reported: Language phrase "Vote Warning" not found (arg 3)
L 05/29/2020 - 01:07:49: [SM] Blaming: mapchooser_extended.smx
L 05/29/2020 - 01:07:49: [SM] Call stack trace:
L 05/29/2020 - 01:07:49: [SM]   [0] VFormat
L 05/29/2020 - 01:07:49: [SM]   [1] Line 399, C:\Users\willi\Desktop\APITimer-master\addons\sourcemod\scripting\include\halflife.inc::PrintHintTextToAll
L 05/29/2020 - 01:07:49: [SM]   [2] Line 673, C:\Users\willi\Desktop\APITimer-master\addons\sourcemod\scripting\mapchooser_extended.sp::Timer_StartMapVote
L 05/29/2020 - 01:07:50: [SM] Exception reported: Language phrase "Vote Warning" not found (arg 3)
L 05/29/2020 - 01:07:50: [SM] Blaming: mapchooser_extended.smx
L 05/29/2020 - 01:07:50: [SM] Call stack trace:
L 05/29/2020 - 01:07:50: [SM]   [0] VFormat
L 05/29/2020 - 01:07:50: [SM]   [1] Line 399, C:\Users\willi\Desktop\APITimer-master\addons\sourcemod\scripting\include\halflife.inc::PrintHintTextToAll
L 05/29/2020 - 01:07:50: [SM]   [2] Line 673, C:\Users\willi\Desktop\APITimer-master\addons\sourcemod\scripting\mapchooser_extended.sp::Timer_StartMapVote
L 05/29/2020 - 01:07:51: [SM] Exception reported: Language phrase "Vote Warning" not found (arg 3)
L 05/29/2020 - 01:07:51: [SM] Blaming: mapchooser_extended.smx
L 05/29/2020 - 01:07:51: [SM] Call stack trace:
L 05/29/2020 - 01:07:51: [SM]   [0] VFormat
L 05/29/2020 - 01:07:51: [SM]   [1] Line 399, C:\Users\willi\Desktop\APITimer-master\addons\sourcemod\scripting\include\halflife.inc::PrintHintTextToAll
L 05/29/2020 - 01:07:51: [SM]   [2] Line 673, C:\Users\willi\Desktop\APITimer-master\addons\sourcemod\scripting\mapchooser_extended.sp::Timer_StartMapVote
L 05/29/2020 - 01:07:52: [SM] Exception reported: Language phrase "Vote Warning" not found (arg 3)
L 05/29/2020 - 01:07:52: [SM] Blaming: mapchooser_extended.smx
L 05/29/2020 - 01:07:52: [SM] Call stack trace:
L 05/29/2020 - 01:07:52: [SM]   [0] VFormat
L 05/29/2020 - 01:07:52: [SM]   [1] Line 399, C:\Users\willi\Desktop\APITimer-master\addons\sourcemod\scripting\include\halflife.inc::PrintHintTextToAll
L 05/29/2020 - 01:07:52: [SM]   [2] Line 673, C:\Users\willi\Desktop\APITimer-master\addons\sourcemod\scripting\mapchooser_extended.sp::Timer_StartMapVote
L 05/29/2020 - 01:07:53: [SM] Exception reported: Language phrase "Vote Warning" not found (arg 3)
L 05/29/2020 - 01:07:53: [SM] Blaming: mapchooser_extended.smx
L 05/29/2020 - 01:07:53: [SM] Call stack trace:
L 05/29/2020 - 01:07:53: [SM]   [0] VFormat
L 05/29/2020 - 01:07:53: [SM]   [1] Line 399, C:\Users\willi\Desktop\APITimer-master\addons\sourcemod\scripting\include\halflife.inc::PrintHintTextToAll
L 05/29/2020 - 01:07:53: [SM]   [2] Line 673, C:\Users\willi\Desktop\APITimer-master\addons\sourcemod\scripting\mapchooser_extended.sp::Timer_StartMapVote
L 05/29/2020 - 01:07:54: [SM] Exception reported: Language phrase "Vote Warning" not found (arg 3)
L 05/29/2020 - 01:07:54: [SM] Blaming: mapchooser_extended.smx
L 05/29/2020 - 01:07:54: [SM] Call stack trace:
L 05/29/2020 - 01:07:54: [SM]   [0] VFormat
L 05/29/2020 - 01:07:54: [SM]   [1] Line 399, C:\Users\willi\Desktop\APITimer-master\addons\sourcemod\scripting\include\halflife.inc::PrintHintTextToAll
L 05/29/2020 - 01:07:54: [SM]   [2] Line 673, C:\Users\willi\Desktop\APITimer-master\addons\sourcemod\scripting\mapchooser_extended.sp::Timer_StartMapVote
L 05/29/2020 - 01:07:55: [SM] Exception reported: Language phrase "Vote Warning" not found (arg 3)
L 05/29/2020 - 01:07:55: [SM] Blaming: mapchooser_extended.smx
L 05/29/2020 - 01:07:55: [SM] Call stack trace:
L 05/29/2020 - 01:07:55: [SM]   [0] VFormat
L 05/29/2020 - 01:07:55: [SM]   [1] Line 399, C:\Users\willi\Desktop\APITimer-master\addons\sourcemod\scripting\include\halflife.inc::PrintHintTextToAll
L 05/29/2020 - 01:07:55: [SM]   [2] Line 673, C:\Users\willi\Desktop\APITimer-master\addons\sourcemod\scripting\mapchooser_extended.sp::Timer_StartMapVote
L 05/29/2020 - 01:07:56: [SM] Exception reported: Language phrase "Vote Warning" not found (arg 3)
L 05/29/2020 - 01:07:56: [SM] Blaming: mapchooser_extended.smx
L 05/29/2020 - 01:07:56: [SM] Call stack trace:
L 05/29/2020 - 01:07:56: [SM]   [0] VFormat
L 05/29/2020 - 01:07:56: [SM]   [1] Line 399, C:\Users\willi\Desktop\APITimer-master\addons\sourcemod\scripting\include\halflife.inc::PrintHintTextToAll
L 05/29/2020 - 01:07:56: [SM]   [2] Line 673, C:\Users\willi\Desktop\APITimer-master\addons\sourcemod\scripting\mapchooser_extended.sp::Timer_StartMapVote
L 05/29/2020 - 01:07:57: [SM] Exception reported: Language phrase "Vote Warning" not found (arg 3)
L 05/29/2020 - 01:07:57: [SM] Blaming: mapchooser_extended.smx
L 05/29/2020 - 01:07:57: [SM] Call stack trace:
L 05/29/2020 - 01:07:57: [SM]   [0] VFormat
L 05/29/2020 - 01:07:57: [SM]   [1] Line 399, C:\Users\willi\Desktop\APITimer-master\addons\sourcemod\scripting\include\halflife.inc::PrintHintTextToAll
L 05/29/2020 - 01:07:57: [SM]   [2] Line 673, C:\Users\willi\Desktop\APITimer-master\addons\sourcemod\scripting\mapchooser_extended.sp::Timer_StartMapVote
L 05/29/2020 - 01:07:58: [SM] Exception reported: Language phrase "Vote Warning" not found (arg 3)
L 05/29/2020 - 01:07:58: [SM] Blaming: mapchooser_extended.smx
L 05/29/2020 - 01:07:58: [SM] Call stack trace:
L 05/29/2020 - 01:07:58: [SM]   [0] VFormat
L 05/29/2020 - 01:07:58: [SM]   [1] Line 399, C:\Users\willi\Desktop\APITimer-master\addons\sourcemod\scripting\include\halflife.inc::PrintHintTextToAll
L 05/29/2020 - 01:07:58: [SM]   [2] Line 673, C:\Users\willi\Desktop\APITimer-master\addons\sourcemod\scripting\mapchooser_extended.sp::Timer_StartMapVote
L 05/29/2020 - 01:07:59: [SM] Exception reported: Language phrase "Vote Warning" not found (arg 3)
L 05/29/2020 - 01:07:59: [SM] Blaming: mapchooser_extended.smx
L 05/29/2020 - 01:07:59: [SM] Call stack trace:
L 05/29/2020 - 01:07:59: [SM]   [0] VFormat
L 05/29/2020 - 01:07:59: [SM]   [1] Line 399, C:\Users\willi\Desktop\APITimer-master\addons\sourcemod\scripting\include\halflife.inc::PrintHintTextToAll
L 05/29/2020 - 01:07:59: [SM]   [2] Line 673, C:\Users\willi\Desktop\APITimer-master\addons\sourcemod\scripting\mapchooser_extended.sp::Timer_StartMapVote
L 05/29/2020 - 01:08:00: [SM] Exception reported: Language phrase "Vote Warning" not found (arg 3)
L 05/29/2020 - 01:08:00: [SM] Blaming: mapchooser_extended.smx
L 05/29/2020 - 01:08:00: [SM] Call stack trace:
L 05/29/2020 - 01:08:00: [SM]   [0] VFormat
L 05/29/2020 - 01:08:00: [SM]   [1] Line 399, C:\Users\willi\Desktop\APITimer-master\addons\sourcemod\scripting\include\halflife.inc::PrintHintTextToAll
L 05/29/2020 - 01:08:00: [SM]   [2] Line 673, C:\Users\willi\Desktop\APITimer-master\addons\sourcemod\scripting\mapchooser_extended.sp::Timer_StartMapVote
L 05/29/2020 - 01:08:01: [SM] Exception reported: Language phrase "Vote Warning" not found (arg 3)
L 05/29/2020 - 01:08:01: [SM] Blaming: mapchooser_extended.smx
L 05/29/2020 - 01:08:01: [SM] Call stack trace:
L 05/29/2020 - 01:08:01: [SM]   [0] VFormat
L 05/29/2020 - 01:08:01: [SM]   [1] Line 399, C:\Users\willi\Desktop\APITimer-master\addons\sourcemod\scripting\include\halflife.inc::PrintHintTextToAll
L 05/29/2020 - 01:08:01: [SM]   [2] Line 673, C:\Users\willi\Desktop\APITimer-master\addons\sourcemod\scripting\mapchooser_extended.sp::Timer_StartMapVote
L 05/29/2020 - 01:08:02: [SM] Exception reported: Language phrase "Vote Warning" not found (arg 3)
L 05/29/2020 - 01:08:02: [SM] Blaming: mapchooser_extended.smx
L 05/29/2020 - 01:08:02: [SM] Call stack trace:
L 05/29/2020 - 01:08:02: [SM]   [0] VFormat
L 05/29/2020 - 01:08:02: [SM]   [1] Line 399, C:\Users\willi\Desktop\APITimer-master\addons\sourcemod\scripting\include\halflife.inc::PrintHintTextToAll
L 05/29/2020 - 01:08:02: [SM]   [2] Line 673, C:\Users\willi\Desktop\APITimer-master\addons\sourcemod\scripting\mapchooser_extended.sp::Timer_StartMapVote
L 05/29/2020 - 01:08:03: [SM] Exception reported: Language phrase "Vote Warning" not found (arg 3)
L 05/29/2020 - 01:08:03: [SM] Blaming: mapchooser_extended.smx
L 05/29/2020 - 01:08:03: [SM] Call stack trace:
L 05/29/2020 - 01:08:03: [SM]   [0] VFormat
L 05/29/2020 - 01:08:03: [SM]   [1] Line 399, C:\Users\willi\Desktop\APITimer-master\addons\sourcemod\scripting\include\halflife.inc::PrintHintTextToAll
L 05/29/2020 - 01:08:03: [SM]   [2] Line 673, C:\Users\willi\Desktop\APITimer-master\addons\sourcemod\scripting\mapchooser_extended.sp::Timer_StartMapVote
L 05/29/2020 - 01:08:04: [SM] Exception reported: Language phrase "Vote Warning" not found (arg 3)
L 05/29/2020 - 01:08:04: [SM] Blaming: mapchooser_extended.smx
L 05/29/2020 - 01:08:04: [SM] Call stack trace:
L 05/29/2020 - 01:08:04: [SM]   [0] VFormat
L 05/29/2020 - 01:08:04: [SM]   [1] Line 399, C:\Users\willi\Desktop\APITimer-master\addons\sourcemod\scripting\include\halflife.inc::PrintHintTextToAll
L 05/29/2020 - 01:08:04: [SM]   [2] Line 673, C:\Users\willi\Desktop\APITimer-master\addons\sourcemod\scripting\mapchooser_extended.sp::Timer_StartMapVote
L 05/29/2020 - 01:08:05: [SM] Exception reported: Language phrase "Vote Warning" not found (arg 3)
L 05/29/2020 - 01:08:05: [SM] Blaming: mapchooser_extended.smx
L 05/29/2020 - 01:08:05: [SM] Call stack trace:
L 05/29/2020 - 01:08:05: [SM]   [0] VFormat
L 05/29/2020 - 01:08:05: [SM]   [1] Line 399, C:\Users\willi\Desktop\APITimer-master\addons\sourcemod\scripting\include\halflife.inc::PrintHintTextToAll
L 05/29/2020 - 01:08:05: [SM]   [2] Line 673, C:\Users\willi\Desktop\APITimer-master\addons\sourcemod\scripting\mapchooser_extended.sp::Timer_StartMapVote
L 05/29/2020 - 01:08:06: [SM] Exception reported: Language phrase "Vote Warning" not found (arg 3)
L 05/29/2020 - 01:08:06: [SM] Blaming: mapchooser_extended.smx
L 05/29/2020 - 01:08:06: [SM] Call stack trace:
L 05/29/2020 - 01:08:06: [SM]   [0] VFormat
L 05/29/2020 - 01:08:06: [SM]   [1] Line 399, C:\Users\willi\Desktop\APITimer-master\addons\sourcemod\scripting\include\halflife.inc::PrintHintTextToAll
L 05/29/2020 - 01:08:06: [SM]   [2] Line 673, C:\Users\willi\Desktop\APITimer-master\addons\sourcemod\scripting\mapchooser_extended.sp::Timer_StartMapVote
L 05/29/2020 - 01:08:07: [SM] Exception reported: Language phrase "Vote Warning" not found (arg 3)
L 05/29/2020 - 01:08:07: [SM] Blaming: mapchooser_extended.smx
L 05/29/2020 - 01:08:07: [SM] Call stack trace:
L 05/29/2020 - 01:08:07: [SM]   [0] VFormat
L 05/29/2020 - 01:08:07: [SM]   [1] Line 399, C:\Users\willi\Desktop\APITimer-master\addons\sourcemod\scripting\include\halflife.inc::PrintHintTextToAll
L 05/29/2020 - 01:08:07: [SM]   [2] Line 673, C:\Users\willi\Desktop\APITimer-master\addons\sourcemod\scripting\mapchooser_extended.sp::Timer_StartMapVote
