L 05/29/2020 - 00:15:27: SourceMod log file session started (file "C:\servers\exofenscourse\csgo\addons\sourcemod\logs\L20200529.log") (Version "1.10.0.6488")
L 05/29/2020 - 00:15:27: [GEOIP] GeoIP database info: GEO-106FREE 20180327 Build 1 Copyright (c) 2018 MaxMind Inc All Rights Reserved
L 05/29/2020 - 00:15:27: [simple-chatprocessor.smx] [SCP] Recognized mod [Counter-Strike: GO].
L 05/29/2020 - 00:15:27: [simple-chatprocessor.smx] [SCP] Loading translation file [scp.csgo.phrases].
L 05/29/2020 - 00:15:29: [basecommands.smx] "Console<0><Console><Console>" changed cvar (cvar "mp_falldamage") (value "0")
L 05/29/2020 - 00:15:29: [basecommands.smx] "Console<0><Console><Console>" changed cvar (cvar "mp_warmuptime") (value "15")
L 05/29/2020 - 00:15:29: [basecommands.smx] "Console<0><Console><Console>" changed cvar (cvar "phys_pushscale") (value "2")
L 05/29/2020 - 00:15:29: [basecommands.smx] "Console<0><Console><Console>" changed cvar (cvar "sv_accelerate") (value "6.500000")
L 05/29/2020 - 00:15:29: [basecommands.smx] "Console<0><Console><Console>" changed cvar (cvar "sv_airaccelerate") (value "150")
L 05/29/2020 - 00:15:29: [basecommands.smx] "Console<0><Console><Console>" changed cvar (cvar "sv_maxvelocity") (value "4000")
L 05/29/2020 - 00:15:29: [basecommands.smx] "Console<0><Console><Console>" changed cvar (cvar "sv_pushaway_force") (value "30000")
L 05/29/2020 - 00:15:29: [basecommands.smx] "Console<0><Console><Console>" changed cvar (cvar "sv_pushaway_max_force") (value "230000")
L 05/29/2020 - 00:15:29: [basecommands.smx] "Console<0><Console><Console>" changed cvar (cvar "sv_pushaway_min_player_speed") (value "70")
L 05/29/2020 - 00:15:29: [basecommands.smx] "Console<0><Console><Console>" changed cvar (cvar "sv_turbophysics") (value "1")
L 05/29/2020 - 00:15:29: [basecommands.smx] "Console<0><Console><Console>" changed cvar (cvar "sv_wateraccelerate") (value "150")
L 05/29/2020 - 00:15:29: [basecommands.smx] "Console<0><Console><Console>" changed cvar (cvar "sv_enablebunnyhopping") (value "1")
L 05/29/2020 - 00:15:29: [mapconfigs.smx] Searching specific configs for mg_damons_canyon
L 05/29/2020 - 00:15:29: [mapchooser_extended.smx] No official map list found for csgo. Consider submitting one!
L 05/29/2020 - 00:22:58: SourceMod log file session started (file "C:\servers\exofenscourse\csgo\addons\sourcemod\logs\L20200529.log") (Version "1.10.0.6488")
L 05/29/2020 - 00:22:58: [GEOIP] GeoIP database info: GEO-106FREE 20180327 Build 1 Copyright (c) 2018 MaxMind Inc All Rights Reserved
L 05/29/2020 - 00:22:58: [simple-chatprocessor.smx] [SCP] Recognized mod [Counter-Strike: GO].
L 05/29/2020 - 00:22:58: [simple-chatprocessor.smx] [SCP] Loading translation file [scp.csgo.phrases].
L 05/29/2020 - 00:23:00: [basecommands.smx] "Console<0><Console><Console>" changed cvar (cvar "mp_falldamage") (value "0")
L 05/29/2020 - 00:23:00: [basecommands.smx] "Console<0><Console><Console>" changed cvar (cvar "mp_warmuptime") (value "15")
L 05/29/2020 - 00:23:00: [basecommands.smx] "Console<0><Console><Console>" changed cvar (cvar "phys_pushscale") (value "2")
L 05/29/2020 - 00:23:00: [basecommands.smx] "Console<0><Console><Console>" changed cvar (cvar "sv_accelerate") (value "6.500000")
L 05/29/2020 - 00:23:00: [basecommands.smx] "Console<0><Console><Console>" changed cvar (cvar "sv_airaccelerate") (value "150")
L 05/29/2020 - 00:23:00: [basecommands.smx] "Console<0><Console><Console>" changed cvar (cvar "sv_maxvelocity") (value "4000")
L 05/29/2020 - 00:23:00: [basecommands.smx] "Console<0><Console><Console>" changed cvar (cvar "sv_pushaway_force") (value "30000")
L 05/29/2020 - 00:23:00: [basecommands.smx] "Console<0><Console><Console>" changed cvar (cvar "sv_pushaway_max_force") (value "230000")
L 05/29/2020 - 00:23:00: [basecommands.smx] "Console<0><Console><Console>" changed cvar (cvar "sv_pushaway_min_player_speed") (value "70")
L 05/29/2020 - 00:23:00: [basecommands.smx] "Console<0><Console><Console>" changed cvar (cvar "sv_turbophysics") (value "1")
L 05/29/2020 - 00:23:00: [basecommands.smx] "Console<0><Console><Console>" changed cvar (cvar "sv_wateraccelerate") (value "150")
L 05/29/2020 - 00:23:00: [basecommands.smx] "Console<0><Console><Console>" changed cvar (cvar "sv_enablebunnyhopping") (value "1")
L 05/29/2020 - 00:23:00: [mapconfigs.smx] Searching specific configs for mg_damons_canyon
L 05/29/2020 - 00:23:00: [mapchooser_extended.smx] No official map list found for csgo. Consider submitting one!
L 05/29/2020 - 00:23:12: -------- Mapchange to mg_damons_canyon --------
L 05/29/2020 - 00:23:12: [basecommands.smx] "Console<0><Console><Console>" changed cvar (cvar "mp_death_drop_gun") (value "1")
L 05/29/2020 - 00:23:12: [basecommands.smx] "Console<0><Console><Console>" changed cvar (cvar "sv_accelerate") (value "5.6")
L 05/29/2020 - 00:23:12: [basecommands.smx] "Console<0><Console><Console>" changed cvar (cvar "sv_wateraccelerate") (value "150")
L 05/29/2020 - 00:23:12: [basecommands.smx] "Console<0><Console><Console>" changed cvar (cvar "sv_airaccelerate") (value "1000")
L 05/29/2020 - 00:23:12: [basecommands.smx] "Console<0><Console><Console>" changed cvar (cvar "sv_maxvelocity") (value "4000")
L 05/29/2020 - 00:23:12: [basecommands.smx] "Console<0><Console><Console>" changed cvar (cvar "sv_enablebunnyhopping") (value "1")
L 05/29/2020 - 00:23:12: [basecommands.smx] "Console<0><Console><Console>" changed cvar (cvar "mp_falldamage") (value "0")
L 05/29/2020 - 00:23:12: [basecommands.smx] "Console<0><Console><Console>" changed cvar (cvar "phys_pushscale") (value "2")
L 05/29/2020 - 00:23:12: [basecommands.smx] "Console<0><Console><Console>" changed cvar (cvar "cs_enable_player_physics_box") (value "1")
L 05/29/2020 - 00:23:13: [basecommands.smx] "Console<0><Console><Console>" changed cvar (cvar "mp_falldamage") (value "0")
L 05/29/2020 - 00:23:13: [basecommands.smx] "Console<0><Console><Console>" changed cvar (cvar "mp_warmuptime") (value "15")
L 05/29/2020 - 00:23:13: [basecommands.smx] "Console<0><Console><Console>" changed cvar (cvar "phys_pushscale") (value "2")
L 05/29/2020 - 00:23:13: [basecommands.smx] "Console<0><Console><Console>" changed cvar (cvar "sv_accelerate") (value "6.500000")
L 05/29/2020 - 00:23:13: [basecommands.smx] "Console<0><Console><Console>" changed cvar (cvar "sv_airaccelerate") (value "150")
L 05/29/2020 - 00:23:13: [basecommands.smx] "Console<0><Console><Console>" changed cvar (cvar "sv_maxvelocity") (value "4000")
L 05/29/2020 - 00:23:13: [basecommands.smx] "Console<0><Console><Console>" changed cvar (cvar "sv_pushaway_force") (value "30000")
L 05/29/2020 - 00:23:13: [basecommands.smx] "Console<0><Console><Console>" changed cvar (cvar "sv_pushaway_max_force") (value "230000")
L 05/29/2020 - 00:23:13: [basecommands.smx] "Console<0><Console><Console>" changed cvar (cvar "sv_pushaway_min_player_speed") (value "70")
L 05/29/2020 - 00:23:13: [basecommands.smx] "Console<0><Console><Console>" changed cvar (cvar "sv_turbophysics") (value "1")
L 05/29/2020 - 00:23:13: [basecommands.smx] "Console<0><Console><Console>" changed cvar (cvar "sv_wateraccelerate") (value "150")
L 05/29/2020 - 00:23:13: [basecommands.smx] "Console<0><Console><Console>" changed cvar (cvar "sv_enablebunnyhopping") (value "1")
L 05/29/2020 - 00:23:13: [mapconfigs.smx] Searching specific configs for mg_damons_canyon
L 05/29/2020 - 00:23:13: [mapchooser_extended.smx] No official map list found for csgo. Consider submitting one!
L 05/29/2020 - 00:36:08: -------- Mapchange to mg_damons_canyon --------
L 05/29/2020 - 00:36:09: [basecommands.smx] "Console<0><Console><Console>" changed cvar (cvar "mp_death_drop_gun") (value "1")
L 05/29/2020 - 00:36:09: [basecommands.smx] "Console<0><Console><Console>" changed cvar (cvar "sv_accelerate") (value "5.6")
L 05/29/2020 - 00:36:09: [basecommands.smx] "Console<0><Console><Console>" changed cvar (cvar "sv_wateraccelerate") (value "150")
L 05/29/2020 - 00:36:09: [basecommands.smx] "Console<0><Console><Console>" changed cvar (cvar "sv_airaccelerate") (value "1000")
L 05/29/2020 - 00:36:09: [basecommands.smx] "Console<0><Console><Console>" changed cvar (cvar "sv_maxvelocity") (value "4000")
L 05/29/2020 - 00:36:09: [basecommands.smx] "Console<0><Console><Console>" changed cvar (cvar "sv_enablebunnyhopping") (value "1")
L 05/29/2020 - 00:36:09: [basecommands.smx] "Console<0><Console><Console>" changed cvar (cvar "mp_falldamage") (value "0")
L 05/29/2020 - 00:36:09: [basecommands.smx] "Console<0><Console><Console>" changed cvar (cvar "phys_pushscale") (value "2")
L 05/29/2020 - 00:36:09: [basecommands.smx] "Console<0><Console><Console>" changed cvar (cvar "cs_enable_player_physics_box") (value "1")
L 05/29/2020 - 00:36:09: [basecommands.smx] "Console<0><Console><Console>" changed cvar (cvar "mp_falldamage") (value "0")
L 05/29/2020 - 00:36:09: [basecommands.smx] "Console<0><Console><Console>" changed cvar (cvar "mp_warmuptime") (value "15")
L 05/29/2020 - 00:36:09: [basecommands.smx] "Console<0><Console><Console>" changed cvar (cvar "phys_pushscale") (value "2")
L 05/29/2020 - 00:36:09: [basecommands.smx] "Console<0><Console><Console>" changed cvar (cvar "sv_accelerate") (value "6.500000")
L 05/29/2020 - 00:36:09: [basecommands.smx] "Console<0><Console><Console>" changed cvar (cvar "sv_airaccelerate") (value "150")
L 05/29/2020 - 00:36:09: [basecommands.smx] "Console<0><Console><Console>" changed cvar (cvar "sv_maxvelocity") (value "4000")
L 05/29/2020 - 00:36:09: [basecommands.smx] "Console<0><Console><Console>" changed cvar (cvar "sv_pushaway_force") (value "30000")
L 05/29/2020 - 00:36:09: [basecommands.smx] "Console<0><Console><Console>" changed cvar (cvar "sv_pushaway_max_force") (value "230000")
L 05/29/2020 - 00:36:09: [basecommands.smx] "Console<0><Console><Console>" changed cvar (cvar "sv_pushaway_min_player_speed") (value "70")
L 05/29/2020 - 00:36:09: [basecommands.smx] "Console<0><Console><Console>" changed cvar (cvar "sv_turbophysics") (value "1")
L 05/29/2020 - 00:36:09: [basecommands.smx] "Console<0><Console><Console>" changed cvar (cvar "sv_wateraccelerate") (value "150")
L 05/29/2020 - 00:36:09: [basecommands.smx] "Console<0><Console><Console>" changed cvar (cvar "sv_enablebunnyhopping") (value "1")
L 05/29/2020 - 00:36:09: [mapconfigs.smx] Searching specific configs for mg_damons_canyon
L 05/29/2020 - 00:36:09: [mapchooser_extended.smx] No official map list found for csgo. Consider submitting one!
L 05/29/2020 - 00:37:39: SourceMod log file session started (file "C:\servers\exofenscourse\csgo\addons\sourcemod\logs\L20200529.log") (Version "1.10.0.6488")
L 05/29/2020 - 00:37:39: [GEOIP] GeoIP database info: GEO-106FREE 20180327 Build 1 Copyright (c) 2018 MaxMind Inc All Rights Reserved
L 05/29/2020 - 00:37:39: [simple-chatprocessor.smx] [SCP] Recognized mod [Counter-Strike: GO].
L 05/29/2020 - 00:37:39: [simple-chatprocessor.smx] [SCP] Loading translation file [scp.csgo.phrases].
L 05/29/2020 - 00:37:41: [basecommands.smx] "Console<0><Console><Console>" changed cvar (cvar "mp_falldamage") (value "0")
L 05/29/2020 - 00:37:41: [basecommands.smx] "Console<0><Console><Console>" changed cvar (cvar "mp_warmuptime") (value "15")
L 05/29/2020 - 00:37:41: [basecommands.smx] "Console<0><Console><Console>" changed cvar (cvar "phys_pushscale") (value "2")
L 05/29/2020 - 00:37:41: [basecommands.smx] "Console<0><Console><Console>" changed cvar (cvar "sv_accelerate") (value "6.500000")
L 05/29/2020 - 00:37:41: [basecommands.smx] "Console<0><Console><Console>" changed cvar (cvar "sv_airaccelerate") (value "150")
L 05/29/2020 - 00:37:41: [basecommands.smx] "Console<0><Console><Console>" changed cvar (cvar "sv_maxvelocity") (value "4000")
L 05/29/2020 - 00:37:41: [basecommands.smx] "Console<0><Console><Console>" changed cvar (cvar "sv_pushaway_force") (value "30000")
L 05/29/2020 - 00:37:41: [basecommands.smx] "Console<0><Console><Console>" changed cvar (cvar "sv_pushaway_max_force") (value "230000")
L 05/29/2020 - 00:37:41: [basecommands.smx] "Console<0><Console><Console>" changed cvar (cvar "sv_pushaway_min_player_speed") (value "70")
L 05/29/2020 - 00:37:41: [basecommands.smx] "Console<0><Console><Console>" changed cvar (cvar "sv_turbophysics") (value "1")
L 05/29/2020 - 00:37:41: [basecommands.smx] "Console<0><Console><Console>" changed cvar (cvar "sv_wateraccelerate") (value "150")
L 05/29/2020 - 00:37:41: [basecommands.smx] "Console<0><Console><Console>" changed cvar (cvar "sv_enablebunnyhopping") (value "1")
L 05/29/2020 - 00:37:41: [mapconfigs.smx] Searching specific configs for mg_damons_canyon
L 05/29/2020 - 00:37:41: [mapchooser_extended.smx] No official map list found for csgo. Consider submitting one!
L 05/29/2020 - 00:37:46: [basecommands.smx] "Console<0><Console><Console>" changed cvar (cvar "mp_death_drop_gun") (value "1")
L 05/29/2020 - 00:37:46: [basecommands.smx] "Console<0><Console><Console>" changed cvar (cvar "sv_accelerate") (value "5.6")
L 05/29/2020 - 00:37:46: [basecommands.smx] "Console<0><Console><Console>" changed cvar (cvar "sv_wateraccelerate") (value "150")
L 05/29/2020 - 00:37:46: [basecommands.smx] "Console<0><Console><Console>" changed cvar (cvar "sv_airaccelerate") (value "1000")
L 05/29/2020 - 00:37:46: [basecommands.smx] "Console<0><Console><Console>" changed cvar (cvar "sv_maxvelocity") (value "4000")
L 05/29/2020 - 00:37:46: [basecommands.smx] "Console<0><Console><Console>" changed cvar (cvar "sv_enablebunnyhopping") (value "1")
L 05/29/2020 - 00:37:46: [basecommands.smx] "Console<0><Console><Console>" changed cvar (cvar "mp_falldamage") (value "0")
L 05/29/2020 - 00:37:46: [basecommands.smx] "Console<0><Console><Console>" changed cvar (cvar "phys_pushscale") (value "2")
L 05/29/2020 - 00:37:46: [basecommands.smx] "Console<0><Console><Console>" changed cvar (cvar "cs_enable_player_physics_box") (value "1")
L 05/29/2020 - 00:38:19: -------- Mapchange to mg_damons_canyon --------
L 05/29/2020 - 00:38:19: [basecommands.smx] "Console<0><Console><Console>" changed cvar (cvar "mp_death_drop_gun") (value "1")
L 05/29/2020 - 00:38:19: [basecommands.smx] "Console<0><Console><Console>" changed cvar (cvar "sv_accelerate") (value "5.6")
L 05/29/2020 - 00:38:19: [basecommands.smx] "Console<0><Console><Console>" changed cvar (cvar "sv_wateraccelerate") (value "150")
L 05/29/2020 - 00:38:19: [basecommands.smx] "Console<0><Console><Console>" changed cvar (cvar "sv_airaccelerate") (value "1000")
L 05/29/2020 - 00:38:19: [basecommands.smx] "Console<0><Console><Console>" changed cvar (cvar "sv_maxvelocity") (value "4000")
L 05/29/2020 - 00:38:19: [basecommands.smx] "Console<0><Console><Console>" changed cvar (cvar "sv_enablebunnyhopping") (value "1")
L 05/29/2020 - 00:38:19: [basecommands.smx] "Console<0><Console><Console>" changed cvar (cvar "mp_falldamage") (value "0")
L 05/29/2020 - 00:38:19: [basecommands.smx] "Console<0><Console><Console>" changed cvar (cvar "phys_pushscale") (value "2")
L 05/29/2020 - 00:38:19: [basecommands.smx] "Console<0><Console><Console>" changed cvar (cvar "cs_enable_player_physics_box") (value "1")
L 05/29/2020 - 00:38:20: [basecommands.smx] "Console<0><Console><Console>" changed cvar (cvar "mp_falldamage") (value "0")
L 05/29/2020 - 00:38:20: [basecommands.smx] "Console<0><Console><Console>" changed cvar (cvar "mp_warmuptime") (value "15")
L 05/29/2020 - 00:38:20: [basecommands.smx] "Console<0><Console><Console>" changed cvar (cvar "phys_pushscale") (value "2")
L 05/29/2020 - 00:38:20: [basecommands.smx] "Console<0><Console><Console>" changed cvar (cvar "sv_accelerate") (value "6.500000")
L 05/29/2020 - 00:38:20: [basecommands.smx] "Console<0><Console><Console>" changed cvar (cvar "sv_airaccelerate") (value "150")
L 05/29/2020 - 00:38:20: [basecommands.smx] "Console<0><Console><Console>" changed cvar (cvar "sv_maxvelocity") (value "4000")
L 05/29/2020 - 00:38:20: [basecommands.smx] "Console<0><Console><Console>" changed cvar (cvar "sv_pushaway_force") (value "30000")
L 05/29/2020 - 00:38:20: [basecommands.smx] "Console<0><Console><Console>" changed cvar (cvar "sv_pushaway_max_force") (value "230000")
L 05/29/2020 - 00:38:20: [basecommands.smx] "Console<0><Console><Console>" changed cvar (cvar "sv_pushaway_min_player_speed") (value "70")
L 05/29/2020 - 00:38:20: [basecommands.smx] "Console<0><Console><Console>" changed cvar (cvar "sv_turbophysics") (value "1")
L 05/29/2020 - 00:38:20: [basecommands.smx] "Console<0><Console><Console>" changed cvar (cvar "sv_wateraccelerate") (value "150")
L 05/29/2020 - 00:38:20: [basecommands.smx] "Console<0><Console><Console>" changed cvar (cvar "sv_enablebunnyhopping") (value "1")
L 05/29/2020 - 00:38:20: [mapconfigs.smx] Searching specific configs for mg_damons_canyon
L 05/29/2020 - 00:38:20: [mapchooser_extended.smx] No official map list found for csgo. Consider submitting one!
L 05/29/2020 - 00:41:24: SourceMod log file session started (file "C:\servers\exofenscourse\csgo\addons\sourcemod\logs\L20200529.log") (Version "1.10.0.6488")
L 05/29/2020 - 00:41:24: [GEOIP] GeoIP database info: GEO-106FREE 20180327 Build 1 Copyright (c) 2018 MaxMind Inc All Rights Reserved
L 05/29/2020 - 00:41:25: [simple-chatprocessor.smx] [SCP] Recognized mod [Counter-Strike: GO].
L 05/29/2020 - 00:41:25: [simple-chatprocessor.smx] [SCP] Loading translation file [scp.csgo.phrases].
L 05/29/2020 - 00:41:26: [basecommands.smx] "Console<0><Console><Console>" changed cvar (cvar "mp_falldamage") (value "0")
L 05/29/2020 - 00:41:26: [basecommands.smx] "Console<0><Console><Console>" changed cvar (cvar "mp_warmuptime") (value "15")
L 05/29/2020 - 00:41:26: [basecommands.smx] "Console<0><Console><Console>" changed cvar (cvar "phys_pushscale") (value "2")
L 05/29/2020 - 00:41:26: [basecommands.smx] "Console<0><Console><Console>" changed cvar (cvar "sv_accelerate") (value "6.500000")
L 05/29/2020 - 00:41:26: [basecommands.smx] "Console<0><Console><Console>" changed cvar (cvar "sv_airaccelerate") (value "150")
L 05/29/2020 - 00:41:26: [basecommands.smx] "Console<0><Console><Console>" changed cvar (cvar "sv_maxvelocity") (value "4000")
L 05/29/2020 - 00:41:26: [basecommands.smx] "Console<0><Console><Console>" changed cvar (cvar "sv_pushaway_force") (value "30000")
L 05/29/2020 - 00:41:26: [basecommands.smx] "Console<0><Console><Console>" changed cvar (cvar "sv_pushaway_max_force") (value "230000")
L 05/29/2020 - 00:41:26: [basecommands.smx] "Console<0><Console><Console>" changed cvar (cvar "sv_pushaway_min_player_speed") (value "70")
L 05/29/2020 - 00:41:26: [basecommands.smx] "Console<0><Console><Console>" changed cvar (cvar "sv_turbophysics") (value "1")
L 05/29/2020 - 00:41:26: [basecommands.smx] "Console<0><Console><Console>" changed cvar (cvar "sv_wateraccelerate") (value "150")
L 05/29/2020 - 00:41:26: [basecommands.smx] "Console<0><Console><Console>" changed cvar (cvar "sv_enablebunnyhopping") (value "1")
L 05/29/2020 - 00:41:26: [mapconfigs.smx] Searching specific configs for mg_damons_canyon
L 05/29/2020 - 00:41:27: [mapchooser_extended.smx] No official map list found for csgo. Consider submitting one!
L 05/29/2020 - 00:42:37: -------- Mapchange to mg_damons_canyon --------
L 05/29/2020 - 00:42:37: [basecommands.smx] "Console<0><Console><Console>" changed cvar (cvar "mp_death_drop_gun") (value "1")
L 05/29/2020 - 00:42:37: [basecommands.smx] "Console<0><Console><Console>" changed cvar (cvar "sv_accelerate") (value "5.6")
L 05/29/2020 - 00:42:37: [basecommands.smx] "Console<0><Console><Console>" changed cvar (cvar "sv_wateraccelerate") (value "150")
L 05/29/2020 - 00:42:37: [basecommands.smx] "Console<0><Console><Console>" changed cvar (cvar "sv_airaccelerate") (value "1000")
L 05/29/2020 - 00:42:37: [basecommands.smx] "Console<0><Console><Console>" changed cvar (cvar "sv_maxvelocity") (value "4000")
L 05/29/2020 - 00:42:37: [basecommands.smx] "Console<0><Console><Console>" changed cvar (cvar "sv_enablebunnyhopping") (value "1")
L 05/29/2020 - 00:42:37: [basecommands.smx] "Console<0><Console><Console>" changed cvar (cvar "mp_falldamage") (value "0")
L 05/29/2020 - 00:42:37: [basecommands.smx] "Console<0><Console><Console>" changed cvar (cvar "phys_pushscale") (value "2")
L 05/29/2020 - 00:42:37: [basecommands.smx] "Console<0><Console><Console>" changed cvar (cvar "cs_enable_player_physics_box") (value "1")
L 05/29/2020 - 00:42:37: [basecommands.smx] "Console<0><Console><Console>" changed cvar (cvar "mp_falldamage") (value "0")
L 05/29/2020 - 00:42:37: [basecommands.smx] "Console<0><Console><Console>" changed cvar (cvar "mp_warmuptime") (value "15")
L 05/29/2020 - 00:42:37: [basecommands.smx] "Console<0><Console><Console>" changed cvar (cvar "phys_pushscale") (value "2")
L 05/29/2020 - 00:42:37: [basecommands.smx] "Console<0><Console><Console>" changed cvar (cvar "sv_accelerate") (value "6.500000")
L 05/29/2020 - 00:42:37: [basecommands.smx] "Console<0><Console><Console>" changed cvar (cvar "sv_airaccelerate") (value "150")
L 05/29/2020 - 00:42:37: [basecommands.smx] "Console<0><Console><Console>" changed cvar (cvar "sv_maxvelocity") (value "4000")
L 05/29/2020 - 00:42:37: [basecommands.smx] "Console<0><Console><Console>" changed cvar (cvar "sv_pushaway_force") (value "30000")
L 05/29/2020 - 00:42:37: [basecommands.smx] "Console<0><Console><Console>" changed cvar (cvar "sv_pushaway_max_force") (value "230000")
L 05/29/2020 - 00:42:37: [basecommands.smx] "Console<0><Console><Console>" changed cvar (cvar "sv_pushaway_min_player_speed") (value "70")
L 05/29/2020 - 00:42:37: [basecommands.smx] "Console<0><Console><Console>" changed cvar (cvar "sv_turbophysics") (value "1")
L 05/29/2020 - 00:42:37: [basecommands.smx] "Console<0><Console><Console>" changed cvar (cvar "sv_wateraccelerate") (value "150")
L 05/29/2020 - 00:42:37: [basecommands.smx] "Console<0><Console><Console>" changed cvar (cvar "sv_enablebunnyhopping") (value "1")
L 05/29/2020 - 00:42:37: [mapconfigs.smx] Searching specific configs for mg_damons_canyon
L 05/29/2020 - 00:42:37: [mapchooser_extended.smx] No official map list found for csgo. Consider submitting one!
L 05/29/2020 - 00:46:03: -------- Mapchange to mg_circle_course --------
L 05/29/2020 - 00:46:03: [basecommands.smx] "Console<0><Console><Console>" changed cvar (cvar "mp_death_drop_gun") (value "1")
L 05/29/2020 - 00:46:03: [basecommands.smx] "Console<0><Console><Console>" changed cvar (cvar "sv_accelerate") (value "5.6")
L 05/29/2020 - 00:46:03: [basecommands.smx] "Console<0><Console><Console>" changed cvar (cvar "sv_wateraccelerate") (value "150")
L 05/29/2020 - 00:46:03: [basecommands.smx] "Console<0><Console><Console>" changed cvar (cvar "sv_airaccelerate") (value "1000")
L 05/29/2020 - 00:46:03: [basecommands.smx] "Console<0><Console><Console>" changed cvar (cvar "sv_maxvelocity") (value "4000")
L 05/29/2020 - 00:46:03: [basecommands.smx] "Console<0><Console><Console>" changed cvar (cvar "sv_enablebunnyhopping") (value "1")
L 05/29/2020 - 00:46:03: [basecommands.smx] "Console<0><Console><Console>" changed cvar (cvar "mp_falldamage") (value "0")
L 05/29/2020 - 00:46:03: [basecommands.smx] "Console<0><Console><Console>" changed cvar (cvar "phys_pushscale") (value "2")
L 05/29/2020 - 00:46:03: [basecommands.smx] "Console<0><Console><Console>" changed cvar (cvar "cs_enable_player_physics_box") (value "1")
L 05/29/2020 - 00:46:03: [basecommands.smx] "Console<0><Console><Console>" changed cvar (cvar "mp_falldamage") (value "0")
L 05/29/2020 - 00:46:03: [basecommands.smx] "Console<0><Console><Console>" changed cvar (cvar "mp_warmuptime") (value "15")
L 05/29/2020 - 00:46:03: [basecommands.smx] "Console<0><Console><Console>" changed cvar (cvar "phys_pushscale") (value "2")
L 05/29/2020 - 00:46:03: [basecommands.smx] "Console<0><Console><Console>" changed cvar (cvar "sv_accelerate") (value "6.500000")
L 05/29/2020 - 00:46:03: [basecommands.smx] "Console<0><Console><Console>" changed cvar (cvar "sv_airaccelerate") (value "150")
L 05/29/2020 - 00:46:03: [basecommands.smx] "Console<0><Console><Console>" changed cvar (cvar "sv_maxvelocity") (value "4000")
L 05/29/2020 - 00:46:03: [basecommands.smx] "Console<0><Console><Console>" changed cvar (cvar "sv_pushaway_force") (value "30000")
L 05/29/2020 - 00:46:03: [basecommands.smx] "Console<0><Console><Console>" changed cvar (cvar "sv_pushaway_max_force") (value "230000")
L 05/29/2020 - 00:46:03: [basecommands.smx] "Console<0><Console><Console>" changed cvar (cvar "sv_pushaway_min_player_speed") (value "70")
L 05/29/2020 - 00:46:03: [basecommands.smx] "Console<0><Console><Console>" changed cvar (cvar "sv_turbophysics") (value "1")
L 05/29/2020 - 00:46:03: [basecommands.smx] "Console<0><Console><Console>" changed cvar (cvar "sv_wateraccelerate") (value "150")
L 05/29/2020 - 00:46:03: [basecommands.smx] "Console<0><Console><Console>" changed cvar (cvar "sv_enablebunnyhopping") (value "1")
L 05/29/2020 - 00:46:03: [mapconfigs.smx] Searching specific configs for mg_circle_course
L 05/29/2020 - 00:46:03: [mapchooser_extended.smx] No official map list found for csgo. Consider submitting one!
L 05/29/2020 - 00:47:22: -------- Mapchange to mg_cypher --------
L 05/29/2020 - 00:47:22: [basecommands.smx] "Console<0><Console><Console>" changed cvar (cvar "mp_death_drop_gun") (value "1")
L 05/29/2020 - 00:47:22: [basecommands.smx] "Console<0><Console><Console>" changed cvar (cvar "sv_accelerate") (value "5.6")
L 05/29/2020 - 00:47:22: [basecommands.smx] "Console<0><Console><Console>" changed cvar (cvar "sv_wateraccelerate") (value "150")
L 05/29/2020 - 00:47:22: [basecommands.smx] "Console<0><Console><Console>" changed cvar (cvar "sv_airaccelerate") (value "1000")
L 05/29/2020 - 00:47:22: [basecommands.smx] "Console<0><Console><Console>" changed cvar (cvar "sv_maxvelocity") (value "4000")
L 05/29/2020 - 00:47:22: [basecommands.smx] "Console<0><Console><Console>" changed cvar (cvar "sv_enablebunnyhopping") (value "1")
L 05/29/2020 - 00:47:22: [basecommands.smx] "Console<0><Console><Console>" changed cvar (cvar "mp_falldamage") (value "0")
L 05/29/2020 - 00:47:22: [basecommands.smx] "Console<0><Console><Console>" changed cvar (cvar "phys_pushscale") (value "2")
L 05/29/2020 - 00:47:22: [basecommands.smx] "Console<0><Console><Console>" changed cvar (cvar "cs_enable_player_physics_box") (value "1")
L 05/29/2020 - 00:47:23: [basecommands.smx] "Console<0><Console><Console>" changed cvar (cvar "mp_falldamage") (value "0")
L 05/29/2020 - 00:47:23: [basecommands.smx] "Console<0><Console><Console>" changed cvar (cvar "mp_warmuptime") (value "15")
L 05/29/2020 - 00:47:23: [basecommands.smx] "Console<0><Console><Console>" changed cvar (cvar "phys_pushscale") (value "2")
L 05/29/2020 - 00:47:23: [basecommands.smx] "Console<0><Console><Console>" changed cvar (cvar "sv_accelerate") (value "6.500000")
L 05/29/2020 - 00:47:23: [basecommands.smx] "Console<0><Console><Console>" changed cvar (cvar "sv_airaccelerate") (value "150")
L 05/29/2020 - 00:47:23: [basecommands.smx] "Console<0><Console><Console>" changed cvar (cvar "sv_maxvelocity") (value "4000")
L 05/29/2020 - 00:47:23: [basecommands.smx] "Console<0><Console><Console>" changed cvar (cvar "sv_pushaway_force") (value "30000")
L 05/29/2020 - 00:47:23: [basecommands.smx] "Console<0><Console><Console>" changed cvar (cvar "sv_pushaway_max_force") (value "230000")
L 05/29/2020 - 00:47:23: [basecommands.smx] "Console<0><Console><Console>" changed cvar (cvar "sv_pushaway_min_player_speed") (value "70")
L 05/29/2020 - 00:47:23: [basecommands.smx] "Console<0><Console><Console>" changed cvar (cvar "sv_turbophysics") (value "1")
L 05/29/2020 - 00:47:23: [basecommands.smx] "Console<0><Console><Console>" changed cvar (cvar "sv_wateraccelerate") (value "150")
L 05/29/2020 - 00:47:23: [basecommands.smx] "Console<0><Console><Console>" changed cvar (cvar "sv_enablebunnyhopping") (value "1")
L 05/29/2020 - 00:47:23: [mapconfigs.smx] Searching specific configs for mg_cypher
L 05/29/2020 - 00:47:23: [mapchooser_extended.smx] No official map list found for csgo. Consider submitting one!
